[ 2018-05-11T09:46:41+08:00 ] 127.0.0.1 /
INFO: [ app_init ] --START--
INFO: Run Common\Behavior\InitHook [ RunTime:0.008944s ]
INFO: [ app_init ] --END-- [ RunTime:0.013532s ]
INFO: [ app_begin ] --START--
INFO: Run Behavior\ReadHtmlCache [ RunTime:0.001424s ]
INFO: [ app_begin ] --END-- [ RunTime:0.001534s ]

[ 2018-05-11T09:46:41+08:00 ] 127.0.0.1 /index.php?s=/Admin/Public/login.html
INFO: [ app_init ] --START--
INFO: Run Common\Behavior\InitHook [ RunTime:0.001355s ]
INFO: [ app_init ] --END-- [ RunTime:0.001647s ]
INFO: [ app_begin ] --START--
INFO: Run Behavior\ReadHtmlCache [ RunTime:0.000409s ]
INFO: [ app_begin ] --END-- [ RunTime:0.000453s ]
INFO: [ view_parse ] --START--
INFO: [ template_filter ] --START--
INFO: Run Behavior\ContentReplace [ RunTime:0.000056s ]
INFO: [ template_filter ] --END-- [ RunTime:0.000116s ]
NOTIC: [8] Use of undefined constant forgetpw - assumed 'forgetpw' C:\Users\15899\Desktop\zj\application\Runtime\Cache\Admin\3c5566b2bfbf6ef00ac5366ba47246fe.php 第 45 行.
INFO: Run Behavior\ParseTemplate [ RunTime:0.009278s ]
INFO: [ view_parse ] --END-- [ RunTime:0.009323s ]
INFO: [ view_filter ] --START--
INFO: Run Behavior\WriteHtmlCache [ RunTime:0.000616s ]
INFO: [ view_filter ] --END-- [ RunTime:0.000654s ]
INFO: [ app_end ] --START--
INFO: Run Behavior\ShowPageTrace [ RunTime:0.001086s ]
INFO: [ app_end ] --END-- [ RunTime:0.001127s ]

[ 2018-05-11T09:46:41+08:00 ] 127.0.0.1 /index.php?s=/Admin/Public/verify.html
INFO: [ app_init ] --START--
INFO: Run Common\Behavior\InitHook [ RunTime:0.001843s ]
INFO: [ app_init ] --END-- [ RunTime:0.002128s ]
INFO: [ app_begin ] --START--
INFO: Run Behavior\ReadHtmlCache [ RunTime:0.000489s ]
INFO: [ app_begin ] --END-- [ RunTime:0.000533s ]
INFO: [ app_end ] --START--
INFO: Run Behavior\ShowPageTrace [ RunTime:0.001245s ]
INFO: [ app_end ] --END-- [ RunTime:0.001399s ]

[ 2018-05-11T09:46:48+08:00 ] 127.0.0.1 /index.php?s=/Admin/Public/login.html
INFO: [ app_init ] --START--
INFO: Run Common\Behavior\InitHook [ RunTime:0.001234s ]
INFO: [ app_init ] --END-- [ RunTime:0.001530s ]
INFO: [ app_begin ] --START--
INFO: Run Behavior\ReadHtmlCache [ RunTime:0.000438s ]
INFO: [ app_begin ] --END-- [ RunTime:0.000478s ]
SQL: SHOW COLUMNS FROM `xcx_ucenter_member` [ RunTime:0.026252s ]
SQL: SELECT * FROM `xcx_ucenter_member` WHERE ( `email` = '1589946526@qq.com' ) LIMIT 1   [ RunTime:0.002229s ]
NOTIC: [2] file_put_contents(./device_log/update2018-05.txt): failed to open stream: No such file or directory C:\Users\15899\Desktop\zj\application\ThinkPHP\Library\Think\Db.class.php 第 754 行.
SQL: UPDATE `xcx_ucenter_member` SET `last_login_time`=1526003208,`last_login_ip`='2130706433' WHERE ( `id` = 1 ) [ RunTime:0.001106s ]
SQL: SHOW COLUMNS FROM `xcx_member` [ RunTime:0.018631s ]
SQL: SELECT `uid`,`nickname`,`sex`,`birthday`,`qq`,`score`,`login`,`reg_ip`,`reg_time`,`last_login_ip`,`last_login_time`,`status` FROM `xcx_member` WHERE ( `uid` = 1 ) LIMIT 1   [ RunTime:0.001230s ]
SQL: SHOW COLUMNS FROM `xcx_action` [ RunTime:0.035616s ]
SQL: SELECT * FROM `xcx_action` WHERE ( `name` = 'user_login' ) LIMIT 1   [ RunTime:0.001273s ]
SQL: SHOW COLUMNS FROM `xcx_action_log` [ RunTime:0.012487s ]
NOTIC: [2] file_put_contents(./device_log/insert2018-05.txt): failed to open stream: No such file or directory C:\Users\15899\Desktop\zj\application\ThinkPHP\Library\Think\Db.class.php 第 711 行.
SQL: INSERT INTO `xcx_action_log` (`action_id`,`user_id`,`action_ip`,`model`,`record_id`,`create_time`,`remark`) VALUES (1,1,2130706433,'member',1,1526003208,'qiao在2018-05-11 09:46登录了后台') [ RunTime:0.011324s ]
SQL: SELECT * FROM `xcx_action` WHERE ( `name` = 'user_login' ) LIMIT 1   [ RunTime:0.000604s ]
NOTIC: [8] Undefined offset: 1 C:\Users\15899\Desktop\zj\application\Application\Common\Common\function.php 第 674 行.
NOTIC: [2] array_key_exists() expects parameter 2 to be array, null given C:\Users\15899\Desktop\zj\application\Application\Common\Common\function.php 第 674 行.
SQL: SELECT COUNT(*) AS tp_count FROM `xcx_action_log` WHERE ( `action_id` = 1 ) AND ( `user_id` = 1 ) AND ( `create_time` > 1525916808 ) LIMIT 1   [ RunTime:0.003495s ]
SQL: SHOW COLUMNS FROM `xcx_member` [ RunTime:0.005221s ]
NOTIC: [2] file_put_contents(./device_log/update2018-05.txt): failed to open stream: No such file or directory C:\Users\15899\Desktop\zj\application\ThinkPHP\Library\Think\Db.class.php 第 754 行.
SQL: UPDATE `xcx_member` SET `score`=score+10 WHERE ( uid=1 AND status>-1 ) [ RunTime:0.000586s ]
NOTIC: [2] file_put_contents(./device_log/update2018-05.txt): failed to open stream: No such file or directory C:\Users\15899\Desktop\zj\application\ThinkPHP\Library\Think\Db.class.php 第 754 行.
SQL: UPDATE `xcx_member` SET `login`=`login`+1,`last_login_time`=1526003208,`last_login_ip`='2130706433' WHERE ( `uid` = 1 ) [ RunTime:0.000605s ]

[ 2018-05-11T09:46:48+08:00 ] 127.0.0.1 /index.php?s=/Admin/Index/index.html
INFO: [ app_init ] --START--
INFO: Run Common\Behavior\InitHook [ RunTime:0.002108s ]
INFO: [ app_init ] --END-- [ RunTime:0.002553s ]
INFO: [ app_begin ] --START--
INFO: Run Behavior\ReadHtmlCache [ RunTime:0.000735s ]
INFO: [ app_begin ] --END-- [ RunTime:0.000812s ]
SQL: SHOW COLUMNS FROM `xcx_menu` [ RunTime:0.008700s ]
SQL: SELECT * FROM `xcx_menu` WHERE ( `pid` = 0 ) AND ( `hide` = 0 ) ORDER BY sort asc  [ RunTime:0.004107s ]
SQL: SELECT `id` FROM `xcx_menu` WHERE ( url like '%Index/index%' ) LIMIT 1   [ RunTime:0.000323s ]
SQL: SHOW COLUMNS FROM `xcx_menu` [ RunTime:0.002828s ]
SQL: SELECT `id`,`pid`,`title` FROM `xcx_menu` WHERE ( id=1 ) LIMIT 1   [ RunTime:0.000511s ]

[ 2018-05-11T09:46:48+08:00 ] 127.0.0.1 /index.php?s=/Admin/User/index.html
INFO: [ app_init ] --START--
INFO: Run Common\Behavior\InitHook [ RunTime:0.001448s ]
INFO: [ app_init ] --END-- [ RunTime:0.001748s ]
INFO: [ app_begin ] --START--
INFO: Run Behavior\ReadHtmlCache [ RunTime:0.000655s ]
INFO: [ app_begin ] --END-- [ RunTime:0.000703s ]
SQL: SHOW COLUMNS FROM `xcx_menu` [ RunTime:0.003821s ]
SQL: SELECT * FROM `xcx_menu` WHERE ( `pid` = 0 ) AND ( `hide` = 0 ) ORDER BY sort asc  [ RunTime:0.000493s ]
SQL: SELECT `id` FROM `xcx_menu` WHERE ( url like '%User/index%' ) LIMIT 1   [ RunTime:0.000457s ]
SQL: SHOW COLUMNS FROM `xcx_menu` [ RunTime:0.003596s ]
SQL: SELECT `id`,`pid`,`title` FROM `xcx_menu` WHERE ( id=16 ) LIMIT 1   [ RunTime:0.000282s ]
SQL: SELECT DISTINCT  `group` FROM `xcx_menu` WHERE ( pid = 16 )  [ RunTime:0.000419s ]
SQL: SELECT `id`,`url` FROM `xcx_menu` WHERE ( `pid` = 16 ) AND ( `hide` = 0 )  [ RunTime:0.000246s ]
SQL: SELECT `id`,`pid`,`title`,`url`,`tip` FROM `xcx_menu` WHERE ( `group` = '用户管理' ) AND ( `pid` = 16 ) AND ( `hide` = 0 ) ORDER BY sort asc  [ RunTime:0.000277s ]
SQL: SELECT `id`,`pid`,`title`,`url`,`tip` FROM `xcx_menu` WHERE ( `group` = '行为管理' ) AND ( `pid` = 16 ) AND ( `hide` = 0 ) ORDER BY sort asc  [ RunTime:0.000262s ]
SQL: SELECT `id`,`pid`,`title`,`url`,`tip` FROM `xcx_menu` WHERE ( `group` = '' ) AND ( `pid` = 16 ) AND ( `hide` = 0 ) ORDER BY sort asc  [ RunTime:0.000261s ]
SQL: SHOW COLUMNS FROM `xcx_member` [ RunTime:0.002916s ]
SQL: SELECT COUNT(*) AS tp_count FROM `xcx_member` WHERE ( `status` >= 0 ) AND ( `nickname` LIKE '%%' ) LIMIT 1   [ RunTime:0.000341s ]
SQL: SELECT `uid`,`nickname`,`sex`,`birthday`,`qq`,`score`,`login`,`reg_ip`,`reg_time`,`last_login_ip`,`last_login_time`,`status` FROM `xcx_member` WHERE ( `status` >= 0 ) AND ( `nickname` LIKE '%%' ) ORDER BY uid desc LIMIT 0,10   [ RunTime:0.000380s ]
INFO: [ view_parse ] --START--
INFO: [ template_filter ] --START--
INFO: Run Behavior\ContentReplace [ RunTime:0.000174s ]
INFO: [ template_filter ] --END-- [ RunTime:0.000236s ]
INFO: Run Behavior\ParseTemplate [ RunTime:0.030181s ]
INFO: [ view_parse ] --END-- [ RunTime:0.030243s ]
INFO: [ view_filter ] --START--
INFO: Run Behavior\WriteHtmlCache [ RunTime:0.000401s ]
INFO: [ view_filter ] --END-- [ RunTime:0.000437s ]
INFO: [ app_end ] --START--
INFO: Run Behavior\ShowPageTrace [ RunTime:0.000809s ]
INFO: [ app_end ] --END-- [ RunTime:0.000885s ]

[ 2018-05-11T09:46:51+08:00 ] 127.0.0.1 /index.php?s=/Admin/Device/index.html
INFO: [ app_init ] --START--
INFO: Run Common\Behavior\InitHook [ RunTime:0.001786s ]
INFO: [ app_init ] --END-- [ RunTime:0.002063s ]
INFO: [ app_begin ] --START--
INFO: Run Behavior\ReadHtmlCache [ RunTime:0.000505s ]
INFO: [ app_begin ] --END-- [ RunTime:0.000547s ]
SQL: SHOW COLUMNS FROM `xcx_menu` [ RunTime:0.004723s ]
SQL: SELECT * FROM `xcx_menu` WHERE ( `pid` = 0 ) AND ( `hide` = 0 ) ORDER BY sort asc  [ RunTime:0.000353s ]
SQL: SELECT `id` FROM `xcx_menu` WHERE ( url like '%Device/index%' ) LIMIT 1   [ RunTime:0.000283s ]
SQL: SHOW COLUMNS FROM `xcx_menu` [ RunTime:0.002613s ]
SQL: SELECT `id`,`pid`,`title` FROM `xcx_menu` WHERE ( id=122 ) LIMIT 1   [ RunTime:0.000255s ]
SQL: SELECT DISTINCT  `group` FROM `xcx_menu` WHERE ( pid = 122 )  [ RunTime:0.000319s ]
SQL: SELECT `id`,`url` FROM `xcx_menu` WHERE ( `pid` = 122 ) AND ( `hide` = 0 )  [ RunTime:0.000254s ]
SQL: SELECT `id`,`pid`,`title`,`url`,`tip` FROM `xcx_menu` WHERE ( `group` = '设备管理' ) AND ( `pid` = 122 ) AND ( `hide` = 0 ) ORDER BY sort asc  [ RunTime:0.000329s ]
SQL: SHOW COLUMNS FROM `xcx_base_device` [ RunTime:0.113316s ]
SQL: SHOW COLUMNS FROM `xcx_base_device` [ RunTime:0.002995s ]
SQL: SELECT COUNT(*) AS tp_count FROM xcx_base_device b,xcx_user u WHERE ( b.unionid = u.unionid and b.device_id like '%%' ) LIMIT 1   [ RunTime:0.020933s ]
SQL: SHOW COLUMNS FROM `xcx_base_device` [ RunTime:0.003459s ]
SQL: SELECT b.*,u.nickname FROM xcx_base_device b,xcx_user u WHERE ( b.unionid = u.unionid and b.device_id like '%%' ) ORDER BY b.create_time desc LIMIT 0,10   [ RunTime:0.000936s ]
SQL: SHOW COLUMNS FROM `xcx_device` [ RunTime:0.023985s ]
SQL: SHOW COLUMNS FROM `xcx_user` [ RunTime:0.007750s ]
SQL: SELECT * FROM xcx_user u,xcx_device d WHERE ( d.device_id = '600194A2A8B6' and d.uid = u.uid and owner = 0 )  [ RunTime:0.000995s ]
SQL: SHOW COLUMNS FROM `xcx_user` [ RunTime:0.010493s ]
SQL: SELECT * FROM xcx_user u,xcx_device d WHERE ( d.device_id = '600194A2A958' and d.uid = u.uid and owner = 0 )  [ RunTime:0.000889s ]
SQL: SHOW COLUMNS FROM `xcx_user` [ RunTime:0.011703s ]
SQL: SELECT * FROM xcx_user u,xcx_device d WHERE ( d.device_id = 'DC4F22C2F3EB' and d.uid = u.uid and owner = 0 )  [ RunTime:0.000994s ]
SQL: SHOW COLUMNS FROM `xcx_user` [ RunTime:0.015117s ]
SQL: SELECT * FROM xcx_user u,xcx_device d WHERE ( d.device_id = 'DC4F22C2F34B' and d.uid = u.uid and owner = 0 )  [ RunTime:0.000927s ]
SQL: SHOW COLUMNS FROM `xcx_user` [ RunTime:0.009996s ]
SQL: SELECT * FROM xcx_user u,xcx_device d WHERE ( d.device_id = '600194A2A8B3' and d.uid = u.uid and owner = 0 )  [ RunTime:0.001244s ]
SQL: SHOW COLUMNS FROM `xcx_user` [ RunTime:0.008057s ]
SQL: SELECT * FROM xcx_user u,xcx_device d WHERE ( d.device_id = '600194A2A957' and d.uid = u.uid and owner = 0 )  [ RunTime:0.000629s ]
SQL: SHOW COLUMNS FROM `xcx_user` [ RunTime:0.012467s ]
SQL: SELECT * FROM xcx_user u,xcx_device d WHERE ( d.device_id = 'DC4F22C2F34C' and d.uid = u.uid and owner = 0 )  [ RunTime:0.001018s ]
SQL: SHOW COLUMNS FROM `xcx_user` [ RunTime:0.004546s ]
SQL: SELECT * FROM xcx_user u,xcx_device d WHERE ( d.device_id = 'DC4F22C2F3EC' and d.uid = u.uid and owner = 0 )  [ RunTime:0.000430s ]
INFO: [ view_parse ] --START--
INFO: [ template_filter ] --START--
INFO: Run Behavior\ContentReplace [ RunTime:0.000312s ]
INFO: [ template_filter ] --END-- [ RunTime:0.000399s ]
NOTIC: [8] Undefined index: warn C:\Users\15899\Desktop\zj\application\Runtime\Cache\Admin\41b529fcda1c7909d8584fcefd19a8bc.php 第 150 行.
NOTIC: [8] Undefined index: uid C:\Users\15899\Desktop\zj\application\Runtime\Cache\Admin\41b529fcda1c7909d8584fcefd19a8bc.php 第 160 行.
NOTIC: [8] Undefined index: warn C:\Users\15899\Desktop\zj\application\Runtime\Cache\Admin\41b529fcda1c7909d8584fcefd19a8bc.php 第 150 行.
NOTIC: [8] Undefined index: uid C:\Users\15899\Desktop\zj\application\Runtime\Cache\Admin\41b529fcda1c7909d8584fcefd19a8bc.php 第 160 行.
NOTIC: [8] Undefined index: warn C:\Users\15899\Desktop\zj\application\Runtime\Cache\Admin\41b529fcda1c7909d8584fcefd19a8bc.php 第 150 行.
NOTIC: [8] Undefined index: uid C:\Users\15899\Desktop\zj\application\Runtime\Cache\Admin\41b529fcda1c7909d8584fcefd19a8bc.php 第 160 行.
NOTIC: [8] Undefined index: warn C:\Users\15899\Desktop\zj\application\Runtime\Cache\Admin\41b529fcda1c7909d8584fcefd19a8bc.php 第 150 行.
NOTIC: [8] Undefined index: uid C:\Users\15899\Desktop\zj\application\Runtime\Cache\Admin\41b529fcda1c7909d8584fcefd19a8bc.php 第 158 行.
NOTIC: [8] Undefined index: warn C:\Users\15899\Desktop\zj\application\Runtime\Cache\Admin\41b529fcda1c7909d8584fcefd19a8bc.php 第 150 行.
NOTIC: [8] Undefined index: uid C:\Users\15899\Desktop\zj\application\Runtime\Cache\Admin\41b529fcda1c7909d8584fcefd19a8bc.php 第 160 行.
NOTIC: [8] Undefined index: warn C:\Users\15899\Desktop\zj\application\Runtime\Cache\Admin\41b529fcda1c7909d8584fcefd19a8bc.php 第 150 行.
NOTIC: [8] Undefined index: uid C:\Users\15899\Desktop\zj\application\Runtime\Cache\Admin\41b529fcda1c7909d8584fcefd19a8bc.php 第 160 行.
NOTIC: [8] Undefined index: warn C:\Users\15899\Desktop\zj\application\Runtime\Cache\Admin\41b529fcda1c7909d8584fcefd19a8bc.php 第 150 行.
NOTIC: [8] Undefined index: uid C:\Users\15899\Desktop\zj\application\Runtime\Cache\Admin\41b529fcda1c7909d8584fcefd19a8bc.php 第 160 行.
NOTIC: [8] Undefined index: warn C:\Users\15899\Desktop\zj\application\Runtime\Cache\Admin\41b529fcda1c7909d8584fcefd19a8bc.php 第 150 行.
NOTIC: [8] Undefined index: uid C:\Users\15899\Desktop\zj\application\Runtime\Cache\Admin\41b529fcda1c7909d8584fcefd19a8bc.php 第 160 行.
INFO: Run Behavior\ParseTemplate [ RunTime:0.039167s ]
INFO: [ view_parse ] --END-- [ RunTime:0.039316s ]
INFO: [ view_filter ] --START--
INFO: Run Behavior\WriteHtmlCache [ RunTime:0.000893s ]
INFO: [ view_filter ] --END-- [ RunTime:0.000967s ]
INFO: [ app_end ] --START--
INFO: Run Behavior\ShowPageTrace [ RunTime:0.001265s ]
INFO: [ app_end ] --END-- [ RunTime:0.001356s ]

[ 2018-05-11T09:46:52+08:00 ] 127.0.0.1 /index.php?s=/Admin/User/index.html
INFO: [ app_init ] --START--
INFO: Run Common\Behavior\InitHook [ RunTime:0.001250s ]
INFO: [ app_init ] --END-- [ RunTime:0.001492s ]
INFO: [ app_begin ] --START--
INFO: Run Behavior\ReadHtmlCache [ RunTime:0.000391s ]
INFO: [ app_begin ] --END-- [ RunTime:0.000432s ]
SQL: SHOW COLUMNS FROM `xcx_menu` [ RunTime:0.006108s ]
SQL: SELECT * FROM `xcx_menu` WHERE ( `pid` = 0 ) AND ( `hide` = 0 ) ORDER BY sort asc  [ RunTime:0.000359s ]
SQL: SELECT `id` FROM `xcx_menu` WHERE ( url like '%User/index%' ) LIMIT 1   [ RunTime:0.000241s ]
SQL: SHOW COLUMNS FROM `xcx_menu` [ RunTime:0.002959s ]
SQL: SELECT `id`,`pid`,`title` FROM `xcx_menu` WHERE ( id=16 ) LIMIT 1   [ RunTime:0.000269s ]
SQL: SELECT DISTINCT  `group` FROM `xcx_menu` WHERE ( pid = 16 )  [ RunTime:0.000344s ]
SQL: SELECT `id`,`url` FROM `xcx_menu` WHERE ( `pid` = 16 ) AND ( `hide` = 0 )  [ RunTime:0.000241s ]
SQL: SELECT `id`,`pid`,`title`,`url`,`tip` FROM `xcx_menu` WHERE ( `group` = '用户管理' ) AND ( `pid` = 16 ) AND ( `hide` = 0 ) ORDER BY sort asc  [ RunTime:0.000290s ]
SQL: SELECT `id`,`pid`,`title`,`url`,`tip` FROM `xcx_menu` WHERE ( `group` = '行为管理' ) AND ( `pid` = 16 ) AND ( `hide` = 0 ) ORDER BY sort asc  [ RunTime:0.000271s ]
SQL: SELECT `id`,`pid`,`title`,`url`,`tip` FROM `xcx_menu` WHERE ( `group` = '' ) AND ( `pid` = 16 ) AND ( `hide` = 0 ) ORDER BY sort asc  [ RunTime:0.000321s ]
SQL: SHOW COLUMNS FROM `xcx_member` [ RunTime:0.003797s ]
SQL: SELECT COUNT(*) AS tp_count FROM `xcx_member` WHERE ( `status` >= 0 ) AND ( `nickname` LIKE '%%' ) LIMIT 1   [ RunTime:0.000289s ]
SQL: SELECT `uid`,`nickname`,`sex`,`birthday`,`qq`,`score`,`login`,`reg_ip`,`reg_time`,`last_login_ip`,`last_login_time`,`status` FROM `xcx_member` WHERE ( `status` >= 0 ) AND ( `nickname` LIKE '%%' ) ORDER BY uid desc LIMIT 0,10   [ RunTime:0.000301s ]
INFO: [ view_parse ] --START--
INFO: [ template_filter ] --START--
INFO: Run Behavior\ContentReplace [ RunTime:0.000117s ]
INFO: [ template_filter ] --END-- [ RunTime:0.000154s ]
INFO: Run Behavior\ParseTemplate [ RunTime:0.012199s ]
INFO: [ view_parse ] --END-- [ RunTime:0.012244s ]
INFO: [ view_filter ] --START--
INFO: Run Behavior\WriteHtmlCache [ RunTime:0.000414s ]
INFO: [ view_filter ] --END-- [ RunTime:0.000460s ]
INFO: [ app_end ] --START--
INFO: Run Behavior\ShowPageTrace [ RunTime:0.000810s ]
INFO: [ app_end ] --END-- [ RunTime:0.000887s ]

[ 2018-05-11T09:46:54+08:00 ] 127.0.0.1 /index.php?s=/Admin/Device/index.html
INFO: [ app_init ] --START--
INFO: Run Common\Behavior\InitHook [ RunTime:0.001781s ]
INFO: [ app_init ] --END-- [ RunTime:0.002038s ]
INFO: [ app_begin ] --START--
INFO: Run Behavior\ReadHtmlCache [ RunTime:0.000399s ]
INFO: [ app_begin ] --END-- [ RunTime:0.000444s ]
SQL: SHOW COLUMNS FROM `xcx_menu` [ RunTime:0.002779s ]
SQL: SELECT * FROM `xcx_menu` WHERE ( `pid` = 0 ) AND ( `hide` = 0 ) ORDER BY sort asc  [ RunTime:0.000393s ]
SQL: SELECT `id` FROM `xcx_menu` WHERE ( url like '%Device/index%' ) LIMIT 1   [ RunTime:0.000291s ]
SQL: SHOW COLUMNS FROM `xcx_menu` [ RunTime:0.002921s ]
SQL: SELECT `id`,`pid`,`title` FROM `xcx_menu` WHERE ( id=122 ) LIMIT 1   [ RunTime:0.000231s ]
SQL: SELECT DISTINCT  `group` FROM `xcx_menu` WHERE ( pid = 122 )  [ RunTime:0.000315s ]
SQL: SELECT `id`,`url` FROM `xcx_menu` WHERE ( `pid` = 122 ) AND ( `hide` = 0 )  [ RunTime:0.000225s ]
SQL: SELECT `id`,`pid`,`title`,`url`,`tip` FROM `xcx_menu` WHERE ( `group` = '设备管理' ) AND ( `pid` = 122 ) AND ( `hide` = 0 ) ORDER BY sort asc  [ RunTime:0.000258s ]
SQL: SHOW COLUMNS FROM `xcx_base_device` [ RunTime:0.003093s ]
SQL: SHOW COLUMNS FROM `xcx_base_device` [ RunTime:0.004119s ]
SQL: SELECT COUNT(*) AS tp_count FROM xcx_base_device b,xcx_user u WHERE ( b.unionid = u.unionid and b.device_id like '%%' ) LIMIT 1   [ RunTime:0.000370s ]
SQL: SHOW COLUMNS FROM `xcx_base_device` [ RunTime:0.002710s ]
SQL: SELECT b.*,u.nickname FROM xcx_base_device b,xcx_user u WHERE ( b.unionid = u.unionid and b.device_id like '%%' ) ORDER BY b.create_time desc LIMIT 0,10   [ RunTime:0.000427s ]
SQL: SHOW COLUMNS FROM `xcx_device` [ RunTime:0.002635s ]
SQL: SHOW COLUMNS FROM `xcx_user` [ RunTime:0.002622s ]
SQL: SELECT * FROM xcx_user u,xcx_device d WHERE ( d.device_id = '600194A2A8B6' and d.uid = u.uid and owner = 0 )  [ RunTime:0.000273s ]
SQL: SHOW COLUMNS FROM `xcx_user` [ RunTime:0.009633s ]
SQL: SELECT * FROM xcx_user u,xcx_device d WHERE ( d.device_id = '600194A2A958' and d.uid = u.uid and owner = 0 )  [ RunTime:0.000773s ]
SQL: SHOW COLUMNS FROM `xcx_user` [ RunTime:0.011906s ]
SQL: SELECT * FROM xcx_user u,xcx_device d WHERE ( d.device_id = 'DC4F22C2F3EB' and d.uid = u.uid and owner = 0 )  [ RunTime:0.001036s ]
SQL: SHOW COLUMNS FROM `xcx_user` [ RunTime:0.011427s ]
SQL: SELECT * FROM xcx_user u,xcx_device d WHERE ( d.device_id = 'DC4F22C2F34B' and d.uid = u.uid and owner = 0 )  [ RunTime:0.000921s ]
SQL: SHOW COLUMNS FROM `xcx_user` [ RunTime:0.010708s ]
SQL: SELECT * FROM xcx_user u,xcx_device d WHERE ( d.device_id = '600194A2A8B3' and d.uid = u.uid and owner = 0 )  [ RunTime:0.000901s ]
SQL: SHOW COLUMNS FROM `xcx_user` [ RunTime:0.006653s ]
SQL: SELECT * FROM xcx_user u,xcx_device d WHERE ( d.device_id = '600194A2A957' and d.uid = u.uid and owner = 0 )  [ RunTime:0.000495s ]
SQL: SHOW COLUMNS FROM `xcx_user` [ RunTime:0.008359s ]
SQL: SELECT * FROM xcx_user u,xcx_device d WHERE ( d.device_id = 'DC4F22C2F34C' and d.uid = u.uid and owner = 0 )  [ RunTime:0.000848s ]
SQL: SHOW COLUMNS FROM `xcx_user` [ RunTime:0.009716s ]
SQL: SELECT * FROM xcx_user u,xcx_device d WHERE ( d.device_id = 'DC4F22C2F3EC' and d.uid = u.uid and owner = 0 )  [ RunTime:0.000811s ]
INFO: [ view_parse ] --START--
INFO: [ template_filter ] --START--
INFO: Run Behavior\ContentReplace [ RunTime:0.000540s ]
INFO: [ template_filter ] --END-- [ RunTime:0.000691s ]
NOTIC: [8] Undefined index: warn C:\Users\15899\Desktop\zj\application\Runtime\Cache\Admin\41b529fcda1c7909d8584fcefd19a8bc.php 第 150 行.
NOTIC: [8] Undefined index: uid C:\Users\15899\Desktop\zj\application\Runtime\Cache\Admin\41b529fcda1c7909d8584fcefd19a8bc.php 第 160 行.
NOTIC: [8] Undefined index: warn C:\Users\15899\Desktop\zj\application\Runtime\Cache\Admin\41b529fcda1c7909d8584fcefd19a8bc.php 第 150 行.
NOTIC: [8] Undefined index: uid C:\Users\15899\Desktop\zj\application\Runtime\Cache\Admin\41b529fcda1c7909d8584fcefd19a8bc.php 第 160 行.
NOTIC: [8] Undefined index: warn C:\Users\15899\Desktop\zj\application\Runtime\Cache\Admin\41b529fcda1c7909d8584fcefd19a8bc.php 第 150 行.
NOTIC: [8] Undefined index: uid C:\Users\15899\Desktop\zj\application\Runtime\Cache\Admin\41b529fcda1c7909d8584fcefd19a8bc.php 第 160 行.
NOTIC: [8] Undefined index: warn C:\Users\15899\Desktop\zj\application\Runtime\Cache\Admin\41b529fcda1c7909d8584fcefd19a8bc.php 第 150 行.
NOTIC: [8] Undefined index: uid C:\Users\15899\Desktop\zj\application\Runtime\Cache\Admin\41b529fcda1c7909d8584fcefd19a8bc.php 第 158 行.
NOTIC: [8] Undefined index: warn C:\Users\15899\Desktop\zj\application\Runtime\Cache\Admin\41b529fcda1c7909d8584fcefd19a8bc.php 第 150 行.
NOTIC: [8] Undefined index: uid C:\Users\15899\Desktop\zj\application\Runtime\Cache\Admin\41b529fcda1c7909d8584fcefd19a8bc.php 第 160 行.
NOTIC: [8] Undefined index: warn C:\Users\15899\Desktop\zj\application\Runtime\Cache\Admin\41b529fcda1c7909d8584fcefd19a8bc.php 第 150 行.
NOTIC: [8] Undefined index: uid C:\Users\15899\Desktop\zj\application\Runtime\Cache\Admin\41b529fcda1c7909d8584fcefd19a8bc.php 第 160 行.
NOTIC: [8] Undefined index: warn C:\Users\15899\Desktop\zj\application\Runtime\Cache\Admin\41b529fcda1c7909d8584fcefd19a8bc.php 第 150 行.
NOTIC: [8] Undefined index: uid C:\Users\15899\Desktop\zj\application\Runtime\Cache\Admin\41b529fcda1c7909d8584fcefd19a8bc.php 第 160 行.
NOTIC: [8] Undefined index: warn C:\Users\15899\Desktop\zj\application\Runtime\Cache\Admin\41b529fcda1c7909d8584fcefd19a8bc.php 第 150 行.
NOTIC: [8] Undefined index: uid C:\Users\15899\Desktop\zj\application\Runtime\Cache\Admin\41b529fcda1c7909d8584fcefd19a8bc.php 第 160 行.
INFO: Run Behavior\ParseTemplate [ RunTime:0.045442s ]
INFO: [ view_parse ] --END-- [ RunTime:0.045595s ]
INFO: [ view_filter ] --START--
INFO: Run Behavior\WriteHtmlCache [ RunTime:0.000520s ]
INFO: [ view_filter ] --END-- [ RunTime:0.000569s ]
INFO: [ app_end ] --START--
INFO: Run Behavior\ShowPageTrace [ RunTime:0.000856s ]
INFO: [ app_end ] --END-- [ RunTime:0.000919s ]

[ 2018-05-11T09:46:54+08:00 ] 127.0.0.1 /index.php?s=/Admin/User/index.html
INFO: [ app_init ] --START--
INFO: Run Common\Behavior\InitHook [ RunTime:0.001651s ]
INFO: [ app_init ] --END-- [ RunTime:0.001974s ]
INFO: [ app_begin ] --START--
INFO: Run Behavior\ReadHtmlCache [ RunTime:0.000488s ]
INFO: [ app_begin ] --END-- [ RunTime:0.000534s ]
SQL: SHOW COLUMNS FROM `xcx_menu` [ RunTime:0.006175s ]
SQL: SELECT * FROM `xcx_menu` WHERE ( `pid` = 0 ) AND ( `hide` = 0 ) ORDER BY sort asc  [ RunTime:0.000483s ]
SQL: SELECT `id` FROM `xcx_menu` WHERE ( url like '%User/index%' ) LIMIT 1   [ RunTime:0.000331s ]
SQL: SHOW COLUMNS FROM `xcx_menu` [ RunTime:0.004138s ]
SQL: SELECT `id`,`pid`,`title` FROM `xcx_menu` WHERE ( id=16 ) LIMIT 1   [ RunTime:0.000342s ]
SQL: SELECT DISTINCT  `group` FROM `xcx_menu` WHERE ( pid = 16 )  [ RunTime:0.000453s ]
SQL: SELECT `id`,`url` FROM `xcx_menu` WHERE ( `pid` = 16 ) AND ( `hide` = 0 )  [ RunTime:0.000342s ]
SQL: SELECT `id`,`pid`,`title`,`url`,`tip` FROM `xcx_menu` WHERE ( `group` = '用户管理' ) AND ( `pid` = 16 ) AND ( `hide` = 0 ) ORDER BY sort asc  [ RunTime:0.000396s ]
SQL: SELECT `id`,`pid`,`title`,`url`,`tip` FROM `xcx_menu` WHERE ( `group` = '行为管理' ) AND ( `pid` = 16 ) AND ( `hide` = 0 ) ORDER BY sort asc  [ RunTime:0.000365s ]
SQL: SELECT `id`,`pid`,`title`,`url`,`tip` FROM `xcx_menu` WHERE ( `group` = '' ) AND ( `pid` = 16 ) AND ( `hide` = 0 ) ORDER BY sort asc  [ RunTime:0.000368s ]
SQL: SHOW COLUMNS FROM `xcx_member` [ RunTime:0.003757s ]
SQL: SELECT COUNT(*) AS tp_count FROM `xcx_member` WHERE ( `status` >= 0 ) AND ( `nickname` LIKE '%%' ) LIMIT 1   [ RunTime:0.000412s ]
SQL: SELECT `uid`,`nickname`,`sex`,`birthday`,`qq`,`score`,`login`,`reg_ip`,`reg_time`,`last_login_ip`,`last_login_time`,`status` FROM `xcx_member` WHERE ( `status` >= 0 ) AND ( `nickname` LIKE '%%' ) ORDER BY uid desc LIMIT 0,10   [ RunTime:0.000462s ]
INFO: [ view_parse ] --START--
INFO: [ template_filter ] --START--
INFO: Run Behavior\ContentReplace [ RunTime:0.000394s ]
INFO: [ template_filter ] --END-- [ RunTime:0.000567s ]
INFO: Run Behavior\ParseTemplate [ RunTime:0.030302s ]
INFO: [ view_parse ] --END-- [ RunTime:0.030409s ]
INFO: [ view_filter ] --START--
INFO: Run Behavior\WriteHtmlCache [ RunTime:0.001142s ]
INFO: [ view_filter ] --END-- [ RunTime:0.001245s ]
INFO: [ app_end ] --START--
INFO: Run Behavior\ShowPageTrace [ RunTime:0.002113s ]
INFO: [ app_end ] --END-- [ RunTime:0.002256s ]

[ 2018-05-11T09:46:55+08:00 ] 127.0.0.1 /index.php?s=/Admin/User/user.html
INFO: [ app_init ] --START--
INFO: Run Common\Behavior\InitHook [ RunTime:0.001813s ]
INFO: [ app_init ] --END-- [ RunTime:0.002076s ]
INFO: [ app_begin ] --START--
INFO: Run Behavior\ReadHtmlCache [ RunTime:0.000605s ]
INFO: [ app_begin ] --END-- [ RunTime:0.000689s ]
SQL: SHOW COLUMNS FROM `xcx_menu` [ RunTime:0.005016s ]
SQL: SELECT * FROM `xcx_menu` WHERE ( `pid` = 0 ) AND ( `hide` = 0 ) ORDER BY sort asc  [ RunTime:0.000346s ]
SQL: SELECT `id` FROM `xcx_menu` WHERE ( url like '%User/user%' ) LIMIT 1   [ RunTime:0.000266s ]
SQL: SHOW COLUMNS FROM `xcx_menu` [ RunTime:0.003062s ]
SQL: SELECT `id`,`pid`,`title` FROM `xcx_menu` WHERE ( id=17 ) LIMIT 1   [ RunTime:0.000265s ]
SQL: SELECT `id`,`pid`,`title` FROM `xcx_menu` WHERE ( id=16 ) LIMIT 1   [ RunTime:0.000333s ]
SQL: SELECT DISTINCT  `group` FROM `xcx_menu` WHERE ( pid = 16 )  [ RunTime:0.000329s ]
SQL: SELECT `id`,`url` FROM `xcx_menu` WHERE ( `pid` = 16 ) AND ( `hide` = 0 )  [ RunTime:0.000404s ]
SQL: SELECT `id`,`pid`,`title`,`url`,`tip` FROM `xcx_menu` WHERE ( `group` = '用户管理' ) AND ( `pid` = 16 ) AND ( `hide` = 0 ) ORDER BY sort asc  [ RunTime:0.000314s ]
SQL: SELECT `id`,`pid`,`title`,`url`,`tip` FROM `xcx_menu` WHERE ( `group` = '行为管理' ) AND ( `pid` = 16 ) AND ( `hide` = 0 ) ORDER BY sort asc  [ RunTime:0.000432s ]
SQL: SELECT `id`,`pid`,`title`,`url`,`tip` FROM `xcx_menu` WHERE ( `group` = '' ) AND ( `pid` = 16 ) AND ( `hide` = 0 ) ORDER BY sort asc  [ RunTime:0.000384s ]
SQL: SHOW COLUMNS FROM `xcx_user` [ RunTime:0.004004s ]
SQL: SELECT COUNT(*) AS tp_count FROM `xcx_user` WHERE ( `avatarurl` <> '' ) AND ( `nickname` LIKE '%%' ) LIMIT 1   [ RunTime:0.000254s ]
SQL: SELECT `uid`,`avatarurl`,`city`,`gender`,`nickname`,`openid`,`province`,`unionid`,`create_time`,`update_time`,`wxopenid` FROM `xcx_user` WHERE ( `avatarurl` <> '' ) AND ( `nickname` LIKE '%%' ) ORDER BY uid desc LIMIT 0,10   [ RunTime:0.000335s ]
INFO: [ view_parse ] --START--
INFO: [ template_filter ] --START--
INFO: Run Behavior\ContentReplace [ RunTime:0.000152s ]
INFO: [ template_filter ] --END-- [ RunTime:0.000189s ]
INFO: Run Behavior\ParseTemplate [ RunTime:0.013200s ]
INFO: [ view_parse ] --END-- [ RunTime:0.013313s ]
INFO: [ view_filter ] --START--
INFO: Run Behavior\WriteHtmlCache [ RunTime:0.000661s ]
INFO: [ view_filter ] --END-- [ RunTime:0.000707s ]
INFO: [ app_end ] --START--
INFO: Run Behavior\ShowPageTrace [ RunTime:0.000939s ]
INFO: [ app_end ] --END-- [ RunTime:0.001003s ]

[ 2018-05-11T09:46:57+08:00 ] 127.0.0.1 /index.php?s=/Admin/User/devicelists
INFO: [ app_init ] --START--
INFO: Run Common\Behavior\InitHook [ RunTime:0.001372s ]
INFO: [ app_init ] --END-- [ RunTime:0.001704s ]
INFO: [ app_begin ] --START--
INFO: Run Behavior\ReadHtmlCache [ RunTime:0.000473s ]
INFO: [ app_begin ] --END-- [ RunTime:0.000516s ]
SQL: SHOW COLUMNS FROM `xcx_menu` [ RunTime:0.003524s ]
SQL: SELECT * FROM `xcx_menu` WHERE ( `pid` = 0 ) AND ( `hide` = 0 ) ORDER BY sort asc  [ RunTime:0.000450s ]
SQL: SELECT `id` FROM `xcx_menu` WHERE ( url like '%User/devicelists%' ) LIMIT 1   [ RunTime:0.000287s ]
SQL: SHOW COLUMNS FROM xcx_base_device b [ RunTime:0.000262s ]
ERR: 1064:You have an error in your SQL syntax; check the manual that corresponds to your MySQL server version for the right syntax to use near 'b' at line 1
 [ SQL语句 ] : SHOW COLUMNS FROM xcx_base_device b
NOTIC: [8] Undefined variable: where C:\Users\15899\Desktop\zj\application\Application\Admin\Controller\UserController.class.php 第 121 行.
SQL: SELECT b.device_id,u.nickname FROM xcx_base_device b join xcx_user u on u.unionid = b.unionid   [ RunTime:0.000306s ]

[ 2018-05-11T09:48:02+08:00 ] 127.0.0.1 /index.php?s=/Admin/User/devicelists
INFO: [ app_init ] --START--
INFO: Run Common\Behavior\InitHook [ RunTime:0.001871s ]
INFO: [ app_init ] --END-- [ RunTime:0.002125s ]
INFO: [ app_begin ] --START--
INFO: Run Behavior\ReadHtmlCache [ RunTime:0.000451s ]
INFO: [ app_begin ] --END-- [ RunTime:0.000498s ]
SQL: SHOW COLUMNS FROM `xcx_menu` [ RunTime:0.003925s ]
SQL: SELECT * FROM `xcx_menu` WHERE ( `pid` = 0 ) AND ( `hide` = 0 ) ORDER BY sort asc  [ RunTime:0.000363s ]
SQL: SELECT `id` FROM `xcx_menu` WHERE ( url like '%User/devicelists%' ) LIMIT 1   [ RunTime:0.000392s ]
SQL: SHOW COLUMNS FROM xcx_base_device b [ RunTime:0.000176s ]
ERR: 1064:You have an error in your SQL syntax; check the manual that corresponds to your MySQL server version for the right syntax to use near 'b' at line 1
 [ SQL语句 ] : SHOW COLUMNS FROM xcx_base_device b
NOTIC: [8] Undefined variable: where C:\Users\15899\Desktop\zj\application\Application\Admin\Controller\UserController.class.php 第 121 行.
SQL: SELECT b.device_id,u.nickname FROM xcx_base_device b join xcx_user u on u.unionid = b.unionid   [ RunTime:0.000778s ]

[ 2018-05-11T09:58:20+08:00 ] 127.0.0.1 /index.php?s=/Admin/User/user.html
INFO: [ app_init ] --START--
INFO: Run Common\Behavior\InitHook [ RunTime:0.002581s ]
INFO: [ app_init ] --END-- [ RunTime:0.003079s ]
INFO: [ app_begin ] --START--
INFO: Run Behavior\ReadHtmlCache [ RunTime:0.000551s ]
INFO: [ app_begin ] --END-- [ RunTime:0.000601s ]
SQL: SHOW COLUMNS FROM `xcx_menu` [ RunTime:0.006118s ]
SQL: SELECT * FROM `xcx_menu` WHERE ( `pid` = 0 ) AND ( `hide` = 0 ) ORDER BY sort asc  [ RunTime:0.000346s ]
SQL: SELECT `id` FROM `xcx_menu` WHERE ( url like '%User/user%' ) LIMIT 1   [ RunTime:0.000256s ]
SQL: SHOW COLUMNS FROM `xcx_menu` [ RunTime:0.002751s ]
SQL: SELECT `id`,`pid`,`title` FROM `xcx_menu` WHERE ( id=17 ) LIMIT 1   [ RunTime:0.000296s ]
SQL: SELECT `id`,`pid`,`title` FROM `xcx_menu` WHERE ( id=16 ) LIMIT 1   [ RunTime:0.000239s ]
SQL: SELECT DISTINCT  `group` FROM `xcx_menu` WHERE ( pid = 16 )  [ RunTime:0.000347s ]
SQL: SELECT `id`,`url` FROM `xcx_menu` WHERE ( `pid` = 16 ) AND ( `hide` = 0 )  [ RunTime:0.000278s ]
SQL: SELECT `id`,`pid`,`title`,`url`,`tip` FROM `xcx_menu` WHERE ( `group` = '用户管理' ) AND ( `pid` = 16 ) AND ( `hide` = 0 ) ORDER BY sort asc  [ RunTime:0.000330s ]
SQL: SELECT `id`,`pid`,`title`,`url`,`tip` FROM `xcx_menu` WHERE ( `group` = '行为管理' ) AND ( `pid` = 16 ) AND ( `hide` = 0 ) ORDER BY sort asc  [ RunTime:0.000400s ]
SQL: SELECT `id`,`pid`,`title`,`url`,`tip` FROM `xcx_menu` WHERE ( `group` = '' ) AND ( `pid` = 16 ) AND ( `hide` = 0 ) ORDER BY sort asc  [ RunTime:0.000432s ]
SQL: SHOW COLUMNS FROM `xcx_user` [ RunTime:0.003824s ]
SQL: SELECT COUNT(*) AS tp_count FROM `xcx_user` WHERE ( `avatarurl` <> '' ) AND ( `nickname` LIKE '%%' ) LIMIT 1   [ RunTime:0.000272s ]
SQL: SELECT `uid`,`avatarurl`,`city`,`gender`,`nickname`,`openid`,`province`,`unionid`,`create_time`,`update_time`,`wxopenid` FROM `xcx_user` WHERE ( `avatarurl` <> '' ) AND ( `nickname` LIKE '%%' ) ORDER BY uid desc LIMIT 0,10   [ RunTime:0.000384s ]
INFO: [ view_parse ] --START--
INFO: [ template_filter ] --START--
INFO: Run Behavior\ContentReplace [ RunTime:0.000156s ]
INFO: [ template_filter ] --END-- [ RunTime:0.000204s ]
INFO: Run Behavior\ParseTemplate [ RunTime:0.013567s ]
INFO: [ view_parse ] --END-- [ RunTime:0.013614s ]
INFO: [ view_filter ] --START--
INFO: Run Behavior\WriteHtmlCache [ RunTime:0.000433s ]
INFO: [ view_filter ] --END-- [ RunTime:0.000482s ]
INFO: [ app_end ] --START--
INFO: Run Behavior\ShowPageTrace [ RunTime:0.000741s ]
INFO: [ app_end ] --END-- [ RunTime:0.000805s ]

[ 2018-05-11T09:58:22+08:00 ] 127.0.0.1 /index.php?s=/Admin/User/devicelists
INFO: [ app_init ] --START--
INFO: Run Common\Behavior\InitHook [ RunTime:0.001313s ]
INFO: [ app_init ] --END-- [ RunTime:0.001897s ]
INFO: [ app_begin ] --START--
INFO: Run Behavior\ReadHtmlCache [ RunTime:0.000428s ]
INFO: [ app_begin ] --END-- [ RunTime:0.000479s ]
SQL: SHOW COLUMNS FROM `xcx_menu` [ RunTime:0.005755s ]
SQL: SELECT * FROM `xcx_menu` WHERE ( `pid` = 0 ) AND ( `hide` = 0 ) ORDER BY sort asc  [ RunTime:0.000407s ]
SQL: SELECT `id` FROM `xcx_menu` WHERE ( url like '%User/devicelists%' ) LIMIT 1   [ RunTime:0.000299s ]
SQL: SHOW COLUMNS FROM xcx_base_device b [ RunTime:0.000194s ]
ERR: 1064:You have an error in your SQL syntax; check the manual that corresponds to your MySQL server version for the right syntax to use near 'b' at line 1
 [ SQL语句 ] : SHOW COLUMNS FROM xcx_base_device b
NOTIC: [8] Undefined variable: where C:\Users\15899\Desktop\zj\application\Application\Admin\Controller\UserController.class.php 第 121 行.
SQL: SELECT b.device_id,u.nickname FROM xcx_base_device b join xcx_user u on u.unionid = b.unionid   [ RunTime:0.000315s ]

[ 2018-05-11T09:58:55+08:00 ] 127.0.0.1 /index.php?s=/Admin/User/user.html
INFO: [ app_init ] --START--
INFO: Run Common\Behavior\InitHook [ RunTime:0.001832s ]
INFO: [ app_init ] --END-- [ RunTime:0.002153s ]
INFO: [ app_begin ] --START--
INFO: Run Behavior\ReadHtmlCache [ RunTime:0.000672s ]
INFO: [ app_begin ] --END-- [ RunTime:0.000787s ]
SQL: SHOW COLUMNS FROM `xcx_menu` [ RunTime:0.002774s ]
SQL: SELECT * FROM `xcx_menu` WHERE ( `pid` = 0 ) AND ( `hide` = 0 ) ORDER BY sort asc  [ RunTime:0.000272s ]
SQL: SELECT `id` FROM `xcx_menu` WHERE ( url like '%User/user%' ) LIMIT 1   [ RunTime:0.000196s ]
SQL: SHOW COLUMNS FROM `xcx_menu` [ RunTime:0.002608s ]
SQL: SELECT `id`,`pid`,`title` FROM `xcx_menu` WHERE ( id=17 ) LIMIT 1   [ RunTime:0.000202s ]
SQL: SELECT `id`,`pid`,`title` FROM `xcx_menu` WHERE ( id=16 ) LIMIT 1   [ RunTime:0.000157s ]
SQL: SELECT DISTINCT  `group` FROM `xcx_menu` WHERE ( pid = 16 )  [ RunTime:0.000305s ]
SQL: SELECT `id`,`url` FROM `xcx_menu` WHERE ( `pid` = 16 ) AND ( `hide` = 0 )  [ RunTime:0.000218s ]
SQL: SELECT `id`,`pid`,`title`,`url`,`tip` FROM `xcx_menu` WHERE ( `group` = '用户管理' ) AND ( `pid` = 16 ) AND ( `hide` = 0 ) ORDER BY sort asc  [ RunTime:0.000253s ]
SQL: SELECT `id`,`pid`,`title`,`url`,`tip` FROM `xcx_menu` WHERE ( `group` = '行为管理' ) AND ( `pid` = 16 ) AND ( `hide` = 0 ) ORDER BY sort asc  [ RunTime:0.000361s ]
SQL: SELECT `id`,`pid`,`title`,`url`,`tip` FROM `xcx_menu` WHERE ( `group` = '' ) AND ( `pid` = 16 ) AND ( `hide` = 0 ) ORDER BY sort asc  [ RunTime:0.000520s ]
SQL: SHOW COLUMNS FROM `xcx_user` [ RunTime:0.004201s ]
SQL: SELECT COUNT(*) AS tp_count FROM `xcx_user` WHERE ( `avatarurl` <> '' ) AND ( `nickname` LIKE '%%' ) LIMIT 1   [ RunTime:0.000304s ]
SQL: SELECT `uid`,`avatarurl`,`city`,`gender`,`nickname`,`openid`,`province`,`unionid`,`create_time`,`update_time`,`wxopenid` FROM `xcx_user` WHERE ( `avatarurl` <> '' ) AND ( `nickname` LIKE '%%' ) ORDER BY uid desc LIMIT 0,10   [ RunTime:0.000415s ]
INFO: [ view_parse ] --START--
INFO: [ template_filter ] --START--
INFO: Run Behavior\ContentReplace [ RunTime:0.000236s ]
INFO: [ template_filter ] --END-- [ RunTime:0.000276s ]
INFO: Run Behavior\ParseTemplate [ RunTime:0.013449s ]
INFO: [ view_parse ] --END-- [ RunTime:0.013514s ]
INFO: [ view_filter ] --START--
INFO: Run Behavior\WriteHtmlCache [ RunTime:0.000449s ]
INFO: [ view_filter ] --END-- [ RunTime:0.000481s ]
INFO: [ app_end ] --START--
INFO: Run Behavior\ShowPageTrace [ RunTime:0.001176s ]
INFO: [ app_end ] --END-- [ RunTime:0.001267s ]

[ 2018-05-11T09:58:59+08:00 ] 127.0.0.1 /index.php?s=/Admin/User/devicelists
INFO: [ app_init ] --START--
INFO: Run Common\Behavior\InitHook [ RunTime:0.001277s ]
INFO: [ app_init ] --END-- [ RunTime:0.001525s ]
INFO: [ app_begin ] --START--
INFO: Run Behavior\ReadHtmlCache [ RunTime:0.000392s ]
INFO: [ app_begin ] --END-- [ RunTime:0.000431s ]
SQL: SHOW COLUMNS FROM `xcx_menu` [ RunTime:0.004779s ]
SQL: SELECT * FROM `xcx_menu` WHERE ( `pid` = 0 ) AND ( `hide` = 0 ) ORDER BY sort asc  [ RunTime:0.000348s ]
SQL: SELECT `id` FROM `xcx_menu` WHERE ( url like '%User/devicelists%' ) LIMIT 1   [ RunTime:0.000285s ]
SQL: SHOW COLUMNS FROM xcx_base_device b [ RunTime:0.000170s ]
ERR: 1064:You have an error in your SQL syntax; check the manual that corresponds to your MySQL server version for the right syntax to use near 'b' at line 1
 [ SQL语句 ] : SHOW COLUMNS FROM xcx_base_device b
NOTIC: [8] Undefined variable: where C:\Users\15899\Desktop\zj\application\Application\Admin\Controller\UserController.class.php 第 121 行.
SQL: SELECT b.device_id,u.nickname FROM xcx_base_device b join xcx_user u on u.unionid = b.unionid   [ RunTime:0.000270s ]

[ 2018-05-11T09:59:31+08:00 ] 127.0.0.1 /index.php?s=/Admin/User/user.html
INFO: [ app_init ] --START--
INFO: Run Common\Behavior\InitHook [ RunTime:0.001239s ]
INFO: [ app_init ] --END-- [ RunTime:0.001486s ]
INFO: [ app_begin ] --START--
INFO: Run Behavior\ReadHtmlCache [ RunTime:0.000661s ]
INFO: [ app_begin ] --END-- [ RunTime:0.000709s ]
SQL: SHOW COLUMNS FROM `xcx_menu` [ RunTime:0.004945s ]
SQL: SELECT * FROM `xcx_menu` WHERE ( `pid` = 0 ) AND ( `hide` = 0 ) ORDER BY sort asc  [ RunTime:0.000317s ]
SQL: SELECT `id` FROM `xcx_menu` WHERE ( url like '%User/user%' ) LIMIT 1   [ RunTime:0.000180s ]
SQL: SHOW COLUMNS FROM `xcx_menu` [ RunTime:0.002856s ]
SQL: SELECT `id`,`pid`,`title` FROM `xcx_menu` WHERE ( id=17 ) LIMIT 1   [ RunTime:0.000291s ]
SQL: SELECT `id`,`pid`,`title` FROM `xcx_menu` WHERE ( id=16 ) LIMIT 1   [ RunTime:0.000216s ]
SQL: SELECT DISTINCT  `group` FROM `xcx_menu` WHERE ( pid = 16 )  [ RunTime:0.000356s ]
SQL: SELECT `id`,`url` FROM `xcx_menu` WHERE ( `pid` = 16 ) AND ( `hide` = 0 )  [ RunTime:0.000243s ]
SQL: SELECT `id`,`pid`,`title`,`url`,`tip` FROM `xcx_menu` WHERE ( `group` = '用户管理' ) AND ( `pid` = 16 ) AND ( `hide` = 0 ) ORDER BY sort asc  [ RunTime:0.000268s ]
SQL: SELECT `id`,`pid`,`title`,`url`,`tip` FROM `xcx_menu` WHERE ( `group` = '行为管理' ) AND ( `pid` = 16 ) AND ( `hide` = 0 ) ORDER BY sort asc  [ RunTime:0.000234s ]
SQL: SELECT `id`,`pid`,`title`,`url`,`tip` FROM `xcx_menu` WHERE ( `group` = '' ) AND ( `pid` = 16 ) AND ( `hide` = 0 ) ORDER BY sort asc  [ RunTime:0.000311s ]
SQL: SHOW COLUMNS FROM `xcx_user` [ RunTime:0.004007s ]
SQL: SELECT COUNT(*) AS tp_count FROM `xcx_user` WHERE ( `avatarurl` <> '' ) AND ( `nickname` LIKE '%%' ) LIMIT 1   [ RunTime:0.000241s ]
SQL: SELECT `uid`,`avatarurl`,`city`,`gender`,`nickname`,`openid`,`province`,`unionid`,`create_time`,`update_time`,`wxopenid` FROM `xcx_user` WHERE ( `avatarurl` <> '' ) AND ( `nickname` LIKE '%%' ) ORDER BY uid desc LIMIT 0,10   [ RunTime:0.000348s ]
INFO: [ view_parse ] --START--
INFO: [ template_filter ] --START--
INFO: Run Behavior\ContentReplace [ RunTime:0.000145s ]
INFO: [ template_filter ] --END-- [ RunTime:0.000180s ]
INFO: Run Behavior\ParseTemplate [ RunTime:0.014696s ]
INFO: [ view_parse ] --END-- [ RunTime:0.014782s ]
INFO: [ view_filter ] --START--
INFO: Run Behavior\WriteHtmlCache [ RunTime:0.000569s ]
INFO: [ view_filter ] --END-- [ RunTime:0.000610s ]
INFO: [ app_end ] --START--
INFO: Run Behavior\ShowPageTrace [ RunTime:0.000830s ]
INFO: [ app_end ] --END-- [ RunTime:0.000922s ]

[ 2018-05-11T09:59:32+08:00 ] 127.0.0.1 /index.php?s=/Admin/User/user.html
INFO: [ app_init ] --START--
INFO: Run Common\Behavior\InitHook [ RunTime:0.002328s ]
INFO: [ app_init ] --END-- [ RunTime:0.002904s ]
INFO: [ app_begin ] --START--
INFO: Run Behavior\ReadHtmlCache [ RunTime:0.000683s ]
INFO: [ app_begin ] --END-- [ RunTime:0.000754s ]
SQL: SHOW COLUMNS FROM `xcx_menu` [ RunTime:0.008556s ]
SQL: SELECT * FROM `xcx_menu` WHERE ( `pid` = 0 ) AND ( `hide` = 0 ) ORDER BY sort asc  [ RunTime:0.000712s ]
SQL: SELECT `id` FROM `xcx_menu` WHERE ( url like '%User/user%' ) LIMIT 1   [ RunTime:0.000497s ]
SQL: SHOW COLUMNS FROM `xcx_menu` [ RunTime:0.005741s ]
SQL: SELECT `id`,`pid`,`title` FROM `xcx_menu` WHERE ( id=17 ) LIMIT 1   [ RunTime:0.000501s ]
SQL: SELECT `id`,`pid`,`title` FROM `xcx_menu` WHERE ( id=16 ) LIMIT 1   [ RunTime:0.000449s ]
SQL: SELECT DISTINCT  `group` FROM `xcx_menu` WHERE ( pid = 16 )  [ RunTime:0.000763s ]
SQL: SELECT `id`,`url` FROM `xcx_menu` WHERE ( `pid` = 16 ) AND ( `hide` = 0 )  [ RunTime:0.000669s ]
SQL: SELECT `id`,`pid`,`title`,`url`,`tip` FROM `xcx_menu` WHERE ( `group` = '用户管理' ) AND ( `pid` = 16 ) AND ( `hide` = 0 ) ORDER BY sort asc  [ RunTime:0.000760s ]
SQL: SELECT `id`,`pid`,`title`,`url`,`tip` FROM `xcx_menu` WHERE ( `group` = '行为管理' ) AND ( `pid` = 16 ) AND ( `hide` = 0 ) ORDER BY sort asc  [ RunTime:0.000634s ]
SQL: SELECT `id`,`pid`,`title`,`url`,`tip` FROM `xcx_menu` WHERE ( `group` = '' ) AND ( `pid` = 16 ) AND ( `hide` = 0 ) ORDER BY sort asc  [ RunTime:0.000587s ]
SQL: SHOW COLUMNS FROM `xcx_user` [ RunTime:0.005438s ]
SQL: SELECT COUNT(*) AS tp_count FROM `xcx_user` WHERE ( `avatarurl` <> '' ) AND ( `nickname` LIKE '%%' ) LIMIT 1   [ RunTime:0.000400s ]
SQL: SELECT `uid`,`avatarurl`,`city`,`gender`,`nickname`,`openid`,`province`,`unionid`,`create_time`,`update_time`,`wxopenid` FROM `xcx_user` WHERE ( `avatarurl` <> '' ) AND ( `nickname` LIKE '%%' ) ORDER BY uid desc LIMIT 0,10   [ RunTime:0.000553s ]
INFO: [ view_parse ] --START--
INFO: [ template_filter ] --START--
INFO: Run Behavior\ContentReplace [ RunTime:0.000236s ]
INFO: [ template_filter ] --END-- [ RunTime:0.000297s ]
INFO: Run Behavior\ParseTemplate [ RunTime:0.018080s ]
INFO: [ view_parse ] --END-- [ RunTime:0.018171s ]
INFO: [ view_filter ] --START--
INFO: Run Behavior\WriteHtmlCache [ RunTime:0.000626s ]
INFO: [ view_filter ] --END-- [ RunTime:0.000688s ]
INFO: [ app_end ] --START--
INFO: Run Behavior\ShowPageTrace [ RunTime:0.001205s ]
INFO: [ app_end ] --END-- [ RunTime:0.001292s ]

[ 2018-05-11T09:59:32+08:00 ] 127.0.0.1 /index.php?s=/Admin/User/user.html
INFO: [ app_init ] --START--
INFO: Run Common\Behavior\InitHook [ RunTime:0.001394s ]
INFO: [ app_init ] --END-- [ RunTime:0.001727s ]
INFO: [ app_begin ] --START--
INFO: Run Behavior\ReadHtmlCache [ RunTime:0.001050s ]
INFO: [ app_begin ] --END-- [ RunTime:0.001157s ]
SQL: SHOW COLUMNS FROM `xcx_menu` [ RunTime:0.004358s ]
SQL: SELECT * FROM `xcx_menu` WHERE ( `pid` = 0 ) AND ( `hide` = 0 ) ORDER BY sort asc  [ RunTime:0.000369s ]
SQL: SELECT `id` FROM `xcx_menu` WHERE ( url like '%User/user%' ) LIMIT 1   [ RunTime:0.000216s ]
SQL: SHOW COLUMNS FROM `xcx_menu` [ RunTime:0.003812s ]
SQL: SELECT `id`,`pid`,`title` FROM `xcx_menu` WHERE ( id=17 ) LIMIT 1   [ RunTime:0.000241s ]
SQL: SELECT `id`,`pid`,`title` FROM `xcx_menu` WHERE ( id=16 ) LIMIT 1   [ RunTime:0.000162s ]
SQL: SELECT DISTINCT  `group` FROM `xcx_menu` WHERE ( pid = 16 )  [ RunTime:0.000264s ]
SQL: SELECT `id`,`url` FROM `xcx_menu` WHERE ( `pid` = 16 ) AND ( `hide` = 0 )  [ RunTime:0.000230s ]
SQL: SELECT `id`,`pid`,`title`,`url`,`tip` FROM `xcx_menu` WHERE ( `group` = '用户管理' ) AND ( `pid` = 16 ) AND ( `hide` = 0 ) ORDER BY sort asc  [ RunTime:0.000221s ]
SQL: SELECT `id`,`pid`,`title`,`url`,`tip` FROM `xcx_menu` WHERE ( `group` = '行为管理' ) AND ( `pid` = 16 ) AND ( `hide` = 0 ) ORDER BY sort asc  [ RunTime:0.000205s ]
SQL: SELECT `id`,`pid`,`title`,`url`,`tip` FROM `xcx_menu` WHERE ( `group` = '' ) AND ( `pid` = 16 ) AND ( `hide` = 0 ) ORDER BY sort asc  [ RunTime:0.000221s ]
SQL: SHOW COLUMNS FROM `xcx_user` [ RunTime:0.002880s ]
SQL: SELECT COUNT(*) AS tp_count FROM `xcx_user` WHERE ( `avatarurl` <> '' ) AND ( `nickname` LIKE '%%' ) LIMIT 1   [ RunTime:0.000350s ]
SQL: SELECT `uid`,`avatarurl`,`city`,`gender`,`nickname`,`openid`,`province`,`unionid`,`create_time`,`update_time`,`wxopenid` FROM `xcx_user` WHERE ( `avatarurl` <> '' ) AND ( `nickname` LIKE '%%' ) ORDER BY uid desc LIMIT 0,10   [ RunTime:0.000652s ]
INFO: [ view_parse ] --START--
INFO: [ template_filter ] --START--
INFO: Run Behavior\ContentReplace [ RunTime:0.000154s ]
INFO: [ template_filter ] --END-- [ RunTime:0.000198s ]
INFO: Run Behavior\ParseTemplate [ RunTime:0.013863s ]
INFO: [ view_parse ] --END-- [ RunTime:0.013942s ]
INFO: [ view_filter ] --START--
INFO: Run Behavior\WriteHtmlCache [ RunTime:0.000318s ]
INFO: [ view_filter ] --END-- [ RunTime:0.000349s ]
INFO: [ app_end ] --START--
INFO: Run Behavior\ShowPageTrace [ RunTime:0.000726s ]
INFO: [ app_end ] --END-- [ RunTime:0.000779s ]

[ 2018-05-11T09:59:32+08:00 ] 127.0.0.1 /index.php?s=/Admin/User/user.html
INFO: [ app_init ] --START--
INFO: Run Common\Behavior\InitHook [ RunTime:0.002984s ]
INFO: [ app_init ] --END-- [ RunTime:0.003445s ]
INFO: [ app_begin ] --START--
INFO: Run Behavior\ReadHtmlCache [ RunTime:0.000524s ]
INFO: [ app_begin ] --END-- [ RunTime:0.000579s ]
SQL: SHOW COLUMNS FROM `xcx_menu` [ RunTime:0.003453s ]
SQL: SELECT * FROM `xcx_menu` WHERE ( `pid` = 0 ) AND ( `hide` = 0 ) ORDER BY sort asc  [ RunTime:0.000368s ]
SQL: SELECT `id` FROM `xcx_menu` WHERE ( url like '%User/user%' ) LIMIT 1   [ RunTime:0.000294s ]
SQL: SHOW COLUMNS FROM `xcx_menu` [ RunTime:0.006067s ]
SQL: SELECT `id`,`pid`,`title` FROM `xcx_menu` WHERE ( id=17 ) LIMIT 1   [ RunTime:0.000369s ]
SQL: SELECT `id`,`pid`,`title` FROM `xcx_menu` WHERE ( id=16 ) LIMIT 1   [ RunTime:0.000205s ]
SQL: SELECT DISTINCT  `group` FROM `xcx_menu` WHERE ( pid = 16 )  [ RunTime:0.000434s ]
SQL: SELECT `id`,`url` FROM `xcx_menu` WHERE ( `pid` = 16 ) AND ( `hide` = 0 )  [ RunTime:0.000310s ]
SQL: SELECT `id`,`pid`,`title`,`url`,`tip` FROM `xcx_menu` WHERE ( `group` = '用户管理' ) AND ( `pid` = 16 ) AND ( `hide` = 0 ) ORDER BY sort asc  [ RunTime:0.000306s ]
SQL: SELECT `id`,`pid`,`title`,`url`,`tip` FROM `xcx_menu` WHERE ( `group` = '行为管理' ) AND ( `pid` = 16 ) AND ( `hide` = 0 ) ORDER BY sort asc  [ RunTime:0.000295s ]
SQL: SELECT `id`,`pid`,`title`,`url`,`tip` FROM `xcx_menu` WHERE ( `group` = '' ) AND ( `pid` = 16 ) AND ( `hide` = 0 ) ORDER BY sort asc  [ RunTime:0.000394s ]
SQL: SHOW COLUMNS FROM `xcx_user` [ RunTime:0.005668s ]
SQL: SELECT COUNT(*) AS tp_count FROM `xcx_user` WHERE ( `avatarurl` <> '' ) AND ( `nickname` LIKE '%%' ) LIMIT 1   [ RunTime:0.000760s ]
SQL: SELECT `uid`,`avatarurl`,`city`,`gender`,`nickname`,`openid`,`province`,`unionid`,`create_time`,`update_time`,`wxopenid` FROM `xcx_user` WHERE ( `avatarurl` <> '' ) AND ( `nickname` LIKE '%%' ) ORDER BY uid desc LIMIT 0,10   [ RunTime:0.000412s ]
INFO: [ view_parse ] --START--
INFO: [ template_filter ] --START--
INFO: Run Behavior\ContentReplace [ RunTime:0.000150s ]
INFO: [ template_filter ] --END-- [ RunTime:0.000192s ]
INFO: Run Behavior\ParseTemplate [ RunTime:0.015773s ]
INFO: [ view_parse ] --END-- [ RunTime:0.015838s ]
INFO: [ view_filter ] --START--
INFO: Run Behavior\WriteHtmlCache [ RunTime:0.001266s ]
INFO: [ view_filter ] --END-- [ RunTime:0.001404s ]
INFO: [ app_end ] --START--
INFO: Run Behavior\ShowPageTrace [ RunTime:0.000874s ]
INFO: [ app_end ] --END-- [ RunTime:0.000924s ]

[ 2018-05-11T09:59:32+08:00 ] 127.0.0.1 /index.php?s=/Admin/User/user.html
INFO: [ app_init ] --START--
INFO: Run Common\Behavior\InitHook [ RunTime:0.002291s ]
INFO: [ app_init ] --END-- [ RunTime:0.002666s ]
INFO: [ app_begin ] --START--
INFO: Run Behavior\ReadHtmlCache [ RunTime:0.000584s ]
INFO: [ app_begin ] --END-- [ RunTime:0.000644s ]
SQL: SHOW COLUMNS FROM `xcx_menu` [ RunTime:0.006533s ]
SQL: SELECT * FROM `xcx_menu` WHERE ( `pid` = 0 ) AND ( `hide` = 0 ) ORDER BY sort asc  [ RunTime:0.000663s ]
SQL: SELECT `id` FROM `xcx_menu` WHERE ( url like '%User/user%' ) LIMIT 1   [ RunTime:0.000353s ]
SQL: SHOW COLUMNS FROM `xcx_menu` [ RunTime:0.003217s ]
SQL: SELECT `id`,`pid`,`title` FROM `xcx_menu` WHERE ( id=17 ) LIMIT 1   [ RunTime:0.000292s ]
SQL: SELECT `id`,`pid`,`title` FROM `xcx_menu` WHERE ( id=16 ) LIMIT 1   [ RunTime:0.000219s ]
SQL: SELECT DISTINCT  `group` FROM `xcx_menu` WHERE ( pid = 16 )  [ RunTime:0.000344s ]
SQL: SELECT `id`,`url` FROM `xcx_menu` WHERE ( `pid` = 16 ) AND ( `hide` = 0 )  [ RunTime:0.000282s ]
SQL: SELECT `id`,`pid`,`title`,`url`,`tip` FROM `xcx_menu` WHERE ( `group` = '用户管理' ) AND ( `pid` = 16 ) AND ( `hide` = 0 ) ORDER BY sort asc  [ RunTime:0.000314s ]
SQL: SELECT `id`,`pid`,`title`,`url`,`tip` FROM `xcx_menu` WHERE ( `group` = '行为管理' ) AND ( `pid` = 16 ) AND ( `hide` = 0 ) ORDER BY sort asc  [ RunTime:0.000352s ]
SQL: SELECT `id`,`pid`,`title`,`url`,`tip` FROM `xcx_menu` WHERE ( `group` = '' ) AND ( `pid` = 16 ) AND ( `hide` = 0 ) ORDER BY sort asc  [ RunTime:0.000223s ]
SQL: SHOW COLUMNS FROM `xcx_user` [ RunTime:0.004024s ]
SQL: SELECT COUNT(*) AS tp_count FROM `xcx_user` WHERE ( `avatarurl` <> '' ) AND ( `nickname` LIKE '%%' ) LIMIT 1   [ RunTime:0.000812s ]
SQL: SELECT `uid`,`avatarurl`,`city`,`gender`,`nickname`,`openid`,`province`,`unionid`,`create_time`,`update_time`,`wxopenid` FROM `xcx_user` WHERE ( `avatarurl` <> '' ) AND ( `nickname` LIKE '%%' ) ORDER BY uid desc LIMIT 0,10   [ RunTime:0.001186s ]
INFO: [ view_parse ] --START--
INFO: [ template_filter ] --START--
INFO: Run Behavior\ContentReplace [ RunTime:0.000209s ]
INFO: [ template_filter ] --END-- [ RunTime:0.000254s ]
INFO: Run Behavior\ParseTemplate [ RunTime:0.015495s ]
INFO: [ view_parse ] --END-- [ RunTime:0.015541s ]
INFO: [ view_filter ] --START--
INFO: Run Behavior\WriteHtmlCache [ RunTime:0.000542s ]
INFO: [ view_filter ] --END-- [ RunTime:0.000575s ]
INFO: [ app_end ] --START--
INFO: Run Behavior\ShowPageTrace [ RunTime:0.000847s ]
INFO: [ app_end ] --END-- [ RunTime:0.000893s ]

[ 2018-05-11T09:59:32+08:00 ] 127.0.0.1 /index.php?s=/Admin/User/user.html
INFO: [ app_init ] --START--
INFO: Run Common\Behavior\InitHook [ RunTime:0.001225s ]
INFO: [ app_init ] --END-- [ RunTime:0.001473s ]
INFO: [ app_begin ] --START--
INFO: Run Behavior\ReadHtmlCache [ RunTime:0.000499s ]
INFO: [ app_begin ] --END-- [ RunTime:0.000542s ]
SQL: SHOW COLUMNS FROM `xcx_menu` [ RunTime:0.002828s ]
SQL: SELECT * FROM `xcx_menu` WHERE ( `pid` = 0 ) AND ( `hide` = 0 ) ORDER BY sort asc  [ RunTime:0.000578s ]
SQL: SELECT `id` FROM `xcx_menu` WHERE ( url like '%User/user%' ) LIMIT 1   [ RunTime:0.000273s ]
SQL: SHOW COLUMNS FROM `xcx_menu` [ RunTime:0.003045s ]
SQL: SELECT `id`,`pid`,`title` FROM `xcx_menu` WHERE ( id=17 ) LIMIT 1   [ RunTime:0.000327s ]
SQL: SELECT `id`,`pid`,`title` FROM `xcx_menu` WHERE ( id=16 ) LIMIT 1   [ RunTime:0.000281s ]
SQL: SELECT DISTINCT  `group` FROM `xcx_menu` WHERE ( pid = 16 )  [ RunTime:0.000375s ]
SQL: SELECT `id`,`url` FROM `xcx_menu` WHERE ( `pid` = 16 ) AND ( `hide` = 0 )  [ RunTime:0.000262s ]
SQL: SELECT `id`,`pid`,`title`,`url`,`tip` FROM `xcx_menu` WHERE ( `group` = '用户管理' ) AND ( `pid` = 16 ) AND ( `hide` = 0 ) ORDER BY sort asc  [ RunTime:0.000284s ]
SQL: SELECT `id`,`pid`,`title`,`url`,`tip` FROM `xcx_menu` WHERE ( `group` = '行为管理' ) AND ( `pid` = 16 ) AND ( `hide` = 0 ) ORDER BY sort asc  [ RunTime:0.000344s ]
SQL: SELECT `id`,`pid`,`title`,`url`,`tip` FROM `xcx_menu` WHERE ( `group` = '' ) AND ( `pid` = 16 ) AND ( `hide` = 0 ) ORDER BY sort asc  [ RunTime:0.001019s ]
SQL: SHOW COLUMNS FROM `xcx_user` [ RunTime:0.004527s ]
SQL: SELECT COUNT(*) AS tp_count FROM `xcx_user` WHERE ( `avatarurl` <> '' ) AND ( `nickname` LIKE '%%' ) LIMIT 1   [ RunTime:0.000275s ]
SQL: SELECT `uid`,`avatarurl`,`city`,`gender`,`nickname`,`openid`,`province`,`unionid`,`create_time`,`update_time`,`wxopenid` FROM `xcx_user` WHERE ( `avatarurl` <> '' ) AND ( `nickname` LIKE '%%' ) ORDER BY uid desc LIMIT 0,10   [ RunTime:0.000369s ]
INFO: [ view_parse ] --START--
INFO: [ template_filter ] --START--
INFO: Run Behavior\ContentReplace [ RunTime:0.000173s ]
INFO: [ template_filter ] --END-- [ RunTime:0.000253s ]
INFO: Run Behavior\ParseTemplate [ RunTime:0.013936s ]
INFO: [ view_parse ] --END-- [ RunTime:0.013985s ]
INFO: [ view_filter ] --START--
INFO: Run Behavior\WriteHtmlCache [ RunTime:0.000343s ]
INFO: [ view_filter ] --END-- [ RunTime:0.000388s ]
INFO: [ app_end ] --START--
INFO: Run Behavior\ShowPageTrace [ RunTime:0.001372s ]
INFO: [ app_end ] --END-- [ RunTime:0.001418s ]

[ 2018-05-11T09:59:35+08:00 ] 127.0.0.1 /index.php?s=/Admin/User/devicelists
INFO: [ app_init ] --START--
INFO: Run Common\Behavior\InitHook [ RunTime:0.001736s ]
INFO: [ app_init ] --END-- [ RunTime:0.002032s ]
INFO: [ app_begin ] --START--
INFO: Run Behavior\ReadHtmlCache [ RunTime:0.001303s ]
INFO: [ app_begin ] --END-- [ RunTime:0.001536s ]
SQL: SHOW COLUMNS FROM `xcx_menu` [ RunTime:0.006115s ]
SQL: SELECT * FROM `xcx_menu` WHERE ( `pid` = 0 ) AND ( `hide` = 0 ) ORDER BY sort asc  [ RunTime:0.000356s ]
SQL: SELECT `id` FROM `xcx_menu` WHERE ( url like '%User/devicelists%' ) LIMIT 1   [ RunTime:0.000259s ]
SQL: SHOW COLUMNS FROM xcx_base_device b [ RunTime:0.000181s ]
ERR: 1064:You have an error in your SQL syntax; check the manual that corresponds to your MySQL server version for the right syntax to use near 'b' at line 1
 [ SQL语句 ] : SHOW COLUMNS FROM xcx_base_device b
NOTIC: [8] Undefined variable: where C:\Users\15899\Desktop\zj\application\Application\Admin\Controller\UserController.class.php 第 121 行.
SQL: SELECT b.device_id,u.nickname FROM xcx_base_device b join xcx_user u on u.unionid = b.unionid   [ RunTime:0.000296s ]

[ 2018-05-11T09:59:49+08:00 ] 127.0.0.1 /index.php?s=/Admin/User/user.html
INFO: [ app_init ] --START--
INFO: Run Common\Behavior\InitHook [ RunTime:0.002115s ]
INFO: [ app_init ] --END-- [ RunTime:0.002529s ]
INFO: [ app_begin ] --START--
INFO: Run Behavior\ReadHtmlCache [ RunTime:0.000431s ]
INFO: [ app_begin ] --END-- [ RunTime:0.000475s ]
SQL: SHOW COLUMNS FROM `xcx_menu` [ RunTime:0.004555s ]
SQL: SELECT * FROM `xcx_menu` WHERE ( `pid` = 0 ) AND ( `hide` = 0 ) ORDER BY sort asc  [ RunTime:0.000449s ]
SQL: SELECT `id` FROM `xcx_menu` WHERE ( url like '%User/user%' ) LIMIT 1   [ RunTime:0.000319s ]
SQL: SHOW COLUMNS FROM `xcx_menu` [ RunTime:0.005522s ]
SQL: SELECT `id`,`pid`,`title` FROM `xcx_menu` WHERE ( id=17 ) LIMIT 1   [ RunTime:0.000226s ]
SQL: SELECT `id`,`pid`,`title` FROM `xcx_menu` WHERE ( id=16 ) LIMIT 1   [ RunTime:0.000207s ]
SQL: SELECT DISTINCT  `group` FROM `xcx_menu` WHERE ( pid = 16 )  [ RunTime:0.000297s ]
SQL: SELECT `id`,`url` FROM `xcx_menu` WHERE ( `pid` = 16 ) AND ( `hide` = 0 )  [ RunTime:0.000231s ]
SQL: SELECT `id`,`pid`,`title`,`url`,`tip` FROM `xcx_menu` WHERE ( `group` = '用户管理' ) AND ( `pid` = 16 ) AND ( `hide` = 0 ) ORDER BY sort asc  [ RunTime:0.000303s ]
SQL: SELECT `id`,`pid`,`title`,`url`,`tip` FROM `xcx_menu` WHERE ( `group` = '行为管理' ) AND ( `pid` = 16 ) AND ( `hide` = 0 ) ORDER BY sort asc  [ RunTime:0.000285s ]
SQL: SELECT `id`,`pid`,`title`,`url`,`tip` FROM `xcx_menu` WHERE ( `group` = '' ) AND ( `pid` = 16 ) AND ( `hide` = 0 ) ORDER BY sort asc  [ RunTime:0.000271s ]
SQL: SHOW COLUMNS FROM `xcx_user` [ RunTime:0.002747s ]
SQL: SELECT COUNT(*) AS tp_count FROM `xcx_user` WHERE ( `avatarurl` <> '' ) AND ( `nickname` LIKE '%%' ) LIMIT 1   [ RunTime:0.000283s ]
SQL: SELECT `uid`,`avatarurl`,`city`,`gender`,`nickname`,`openid`,`province`,`unionid`,`create_time`,`update_time`,`wxopenid` FROM `xcx_user` WHERE ( `avatarurl` <> '' ) AND ( `nickname` LIKE '%%' ) ORDER BY uid desc LIMIT 0,10   [ RunTime:0.000383s ]
INFO: [ view_parse ] --START--
INFO: [ template_filter ] --START--
INFO: Run Behavior\ContentReplace [ RunTime:0.000170s ]
INFO: [ template_filter ] --END-- [ RunTime:0.000212s ]
INFO: Run Behavior\ParseTemplate [ RunTime:0.013565s ]
INFO: [ view_parse ] --END-- [ RunTime:0.013609s ]
INFO: [ view_filter ] --START--
INFO: Run Behavior\WriteHtmlCache [ RunTime:0.000352s ]
INFO: [ view_filter ] --END-- [ RunTime:0.000383s ]
INFO: [ app_end ] --START--
INFO: Run Behavior\ShowPageTrace [ RunTime:0.000819s ]
INFO: [ app_end ] --END-- [ RunTime:0.000861s ]

[ 2018-05-11T09:59:50+08:00 ] 127.0.0.1 /index.php?s=/Admin/User/devicelists
INFO: [ app_init ] --START--
INFO: Run Common\Behavior\InitHook [ RunTime:0.001341s ]
INFO: [ app_init ] --END-- [ RunTime:0.001585s ]
INFO: [ app_begin ] --START--
INFO: Run Behavior\ReadHtmlCache [ RunTime:0.000387s ]
INFO: [ app_begin ] --END-- [ RunTime:0.000426s ]
SQL: SHOW COLUMNS FROM `xcx_menu` [ RunTime:0.005597s ]
SQL: SELECT * FROM `xcx_menu` WHERE ( `pid` = 0 ) AND ( `hide` = 0 ) ORDER BY sort asc  [ RunTime:0.000442s ]
SQL: SELECT `id` FROM `xcx_menu` WHERE ( url like '%User/devicelists%' ) LIMIT 1   [ RunTime:0.000746s ]
SQL: SHOW COLUMNS FROM xcx_base_device b [ RunTime:0.000342s ]
ERR: 1064:You have an error in your SQL syntax; check the manual that corresponds to your MySQL server version for the right syntax to use near 'b' at line 1
 [ SQL语句 ] : SHOW COLUMNS FROM xcx_base_device b
NOTIC: [8] Undefined variable: where C:\Users\15899\Desktop\zj\application\Application\Admin\Controller\UserController.class.php 第 121 行.
SQL: SELECT b.device_id,u.nickname FROM xcx_base_device b join xcx_user u on u.unionid = b.unionid   [ RunTime:0.000427s ]

[ 2018-05-11T10:00:22+08:00 ] 127.0.0.1 /index.php?s=/Admin/User/user.html
INFO: [ app_init ] --START--
INFO: Run Common\Behavior\InitHook [ RunTime:0.001268s ]
INFO: [ app_init ] --END-- [ RunTime:0.001517s ]
INFO: [ app_begin ] --START--
INFO: Run Behavior\ReadHtmlCache [ RunTime:0.000510s ]
INFO: [ app_begin ] --END-- [ RunTime:0.000572s ]
SQL: SHOW COLUMNS FROM `xcx_menu` [ RunTime:0.004986s ]
SQL: SELECT * FROM `xcx_menu` WHERE ( `pid` = 0 ) AND ( `hide` = 0 ) ORDER BY sort asc  [ RunTime:0.000317s ]
SQL: SELECT `id` FROM `xcx_menu` WHERE ( url like '%User/user%' ) LIMIT 1   [ RunTime:0.000264s ]
SQL: SHOW COLUMNS FROM `xcx_menu` [ RunTime:0.002816s ]
SQL: SELECT `id`,`pid`,`title` FROM `xcx_menu` WHERE ( id=17 ) LIMIT 1   [ RunTime:0.000305s ]
SQL: SELECT `id`,`pid`,`title` FROM `xcx_menu` WHERE ( id=16 ) LIMIT 1   [ RunTime:0.000227s ]
SQL: SELECT DISTINCT  `group` FROM `xcx_menu` WHERE ( pid = 16 )  [ RunTime:0.000452s ]
SQL: SELECT `id`,`url` FROM `xcx_menu` WHERE ( `pid` = 16 ) AND ( `hide` = 0 )  [ RunTime:0.000352s ]
SQL: SELECT `id`,`pid`,`title`,`url`,`tip` FROM `xcx_menu` WHERE ( `group` = '用户管理' ) AND ( `pid` = 16 ) AND ( `hide` = 0 ) ORDER BY sort asc  [ RunTime:0.000693s ]
SQL: SELECT `id`,`pid`,`title`,`url`,`tip` FROM `xcx_menu` WHERE ( `group` = '行为管理' ) AND ( `pid` = 16 ) AND ( `hide` = 0 ) ORDER BY sort asc  [ RunTime:0.000514s ]
SQL: SELECT `id`,`pid`,`title`,`url`,`tip` FROM `xcx_menu` WHERE ( `group` = '' ) AND ( `pid` = 16 ) AND ( `hide` = 0 ) ORDER BY sort asc  [ RunTime:0.000419s ]
SQL: SHOW COLUMNS FROM `xcx_user` [ RunTime:0.003383s ]
SQL: SELECT COUNT(*) AS tp_count FROM `xcx_user` WHERE ( `avatarurl` <> '' ) AND ( `nickname` LIKE '%%' ) LIMIT 1   [ RunTime:0.000296s ]
SQL: SELECT `uid`,`avatarurl`,`city`,`gender`,`nickname`,`openid`,`province`,`unionid`,`create_time`,`update_time`,`wxopenid` FROM `xcx_user` WHERE ( `avatarurl` <> '' ) AND ( `nickname` LIKE '%%' ) ORDER BY uid desc LIMIT 0,10   [ RunTime:0.000346s ]
INFO: [ view_parse ] --START--
INFO: [ template_filter ] --START--
INFO: Run Behavior\ContentReplace [ RunTime:0.000234s ]
INFO: [ template_filter ] --END-- [ RunTime:0.000276s ]
INFO: Run Behavior\ParseTemplate [ RunTime:0.012683s ]
INFO: [ view_parse ] --END-- [ RunTime:0.012765s ]
INFO: [ view_filter ] --START--
INFO: Run Behavior\WriteHtmlCache [ RunTime:0.000553s ]
INFO: [ view_filter ] --END-- [ RunTime:0.000622s ]
INFO: [ app_end ] --START--
INFO: Run Behavior\ShowPageTrace [ RunTime:0.000961s ]
INFO: [ app_end ] --END-- [ RunTime:0.001044s ]

[ 2018-05-11T10:00:26+08:00 ] 127.0.0.1 /index.php?s=/Admin/User/devicelists
INFO: [ app_init ] --START--
INFO: Run Common\Behavior\InitHook [ RunTime:0.001264s ]
INFO: [ app_init ] --END-- [ RunTime:0.001540s ]
INFO: [ app_begin ] --START--
INFO: Run Behavior\ReadHtmlCache [ RunTime:0.000447s ]
INFO: [ app_begin ] --END-- [ RunTime:0.000484s ]
SQL: SHOW COLUMNS FROM `xcx_menu` [ RunTime:0.004739s ]
SQL: SELECT * FROM `xcx_menu` WHERE ( `pid` = 0 ) AND ( `hide` = 0 ) ORDER BY sort asc  [ RunTime:0.000323s ]
SQL: SELECT `id` FROM `xcx_menu` WHERE ( url like '%User/devicelists%' ) LIMIT 1   [ RunTime:0.000234s ]
SQL: SHOW COLUMNS FROM xcx_base_device b [ RunTime:0.000135s ]
ERR: 1064:You have an error in your SQL syntax; check the manual that corresponds to your MySQL server version for the right syntax to use near 'b' at line 1
 [ SQL语句 ] : SHOW COLUMNS FROM xcx_base_device b
NOTIC: [8] Undefined variable: where C:\Users\15899\Desktop\zj\application\Application\Admin\Controller\UserController.class.php 第 121 行.
SQL: SELECT b.device_id,u.nickname FROM xcx_base_device b join xcx_user u on u.unionid = b.unionid   [ RunTime:0.000243s ]

[ 2018-05-11T10:04:08+08:00 ] 127.0.0.1 /index.php?s=/Admin/User/user.html
INFO: [ app_init ] --START--
INFO: Run Common\Behavior\InitHook [ RunTime:0.001727s ]
INFO: [ app_init ] --END-- [ RunTime:0.002039s ]
INFO: [ app_begin ] --START--
INFO: Run Behavior\ReadHtmlCache [ RunTime:0.000527s ]
INFO: [ app_begin ] --END-- [ RunTime:0.000574s ]
SQL: SHOW COLUMNS FROM `xcx_menu` [ RunTime:0.005991s ]
SQL: SELECT * FROM `xcx_menu` WHERE ( `pid` = 0 ) AND ( `hide` = 0 ) ORDER BY sort asc  [ RunTime:0.000379s ]
SQL: SELECT `id` FROM `xcx_menu` WHERE ( url like '%User/user%' ) LIMIT 1   [ RunTime:0.000186s ]
SQL: SHOW COLUMNS FROM `xcx_menu` [ RunTime:0.002972s ]
SQL: SELECT `id`,`pid`,`title` FROM `xcx_menu` WHERE ( id=17 ) LIMIT 1   [ RunTime:0.000302s ]
SQL: SELECT `id`,`pid`,`title` FROM `xcx_menu` WHERE ( id=16 ) LIMIT 1   [ RunTime:0.000294s ]
SQL: SELECT DISTINCT  `group` FROM `xcx_menu` WHERE ( pid = 16 )  [ RunTime:0.000955s ]
SQL: SELECT `id`,`url` FROM `xcx_menu` WHERE ( `pid` = 16 ) AND ( `hide` = 0 )  [ RunTime:0.000472s ]
SQL: SELECT `id`,`pid`,`title`,`url`,`tip` FROM `xcx_menu` WHERE ( `group` = '用户管理' ) AND ( `pid` = 16 ) AND ( `hide` = 0 ) ORDER BY sort asc  [ RunTime:0.000412s ]
SQL: SELECT `id`,`pid`,`title`,`url`,`tip` FROM `xcx_menu` WHERE ( `group` = '行为管理' ) AND ( `pid` = 16 ) AND ( `hide` = 0 ) ORDER BY sort asc  [ RunTime:0.000479s ]
SQL: SELECT `id`,`pid`,`title`,`url`,`tip` FROM `xcx_menu` WHERE ( `group` = '' ) AND ( `pid` = 16 ) AND ( `hide` = 0 ) ORDER BY sort asc  [ RunTime:0.000281s ]
SQL: SHOW COLUMNS FROM `xcx_user` [ RunTime:0.003091s ]
SQL: SELECT COUNT(*) AS tp_count FROM `xcx_user` WHERE ( `avatarurl` <> '' ) AND ( `nickname` LIKE '%%' ) LIMIT 1   [ RunTime:0.000264s ]
SQL: SELECT `uid`,`avatarurl`,`city`,`gender`,`nickname`,`openid`,`province`,`unionid`,`create_time`,`update_time`,`wxopenid` FROM `xcx_user` WHERE ( `avatarurl` <> '' ) AND ( `nickname` LIKE '%%' ) ORDER BY uid desc LIMIT 0,10   [ RunTime:0.000322s ]
INFO: [ view_parse ] --START--
INFO: [ template_filter ] --START--
INFO: Run Behavior\ContentReplace [ RunTime:0.000204s ]
INFO: [ template_filter ] --END-- [ RunTime:0.000286s ]
INFO: Run Behavior\ParseTemplate [ RunTime:0.012622s ]
INFO: [ view_parse ] --END-- [ RunTime:0.012671s ]
INFO: [ view_filter ] --START--
INFO: Run Behavior\WriteHtmlCache [ RunTime:0.000502s ]
INFO: [ view_filter ] --END-- [ RunTime:0.000556s ]
INFO: [ app_end ] --START--
INFO: Run Behavior\ShowPageTrace [ RunTime:0.001030s ]
INFO: [ app_end ] --END-- [ RunTime:0.001074s ]

[ 2018-05-11T10:04:11+08:00 ] 127.0.0.1 /index.php?s=/Admin/User/devicelists
INFO: [ app_init ] --START--
INFO: Run Common\Behavior\InitHook [ RunTime:0.001461s ]
INFO: [ app_init ] --END-- [ RunTime:0.001758s ]
INFO: [ app_begin ] --START--
INFO: Run Behavior\ReadHtmlCache [ RunTime:0.000403s ]
INFO: [ app_begin ] --END-- [ RunTime:0.000448s ]
SQL: SHOW COLUMNS FROM `xcx_menu` [ RunTime:0.005617s ]
SQL: SELECT * FROM `xcx_menu` WHERE ( `pid` = 0 ) AND ( `hide` = 0 ) ORDER BY sort asc  [ RunTime:0.000347s ]
SQL: SELECT `id` FROM `xcx_menu` WHERE ( url like '%User/devicelists%' ) LIMIT 1   [ RunTime:0.000333s ]
SQL: SHOW COLUMNS FROM xcx_base_device b [ RunTime:0.000203s ]
ERR: 1064:You have an error in your SQL syntax; check the manual that corresponds to your MySQL server version for the right syntax to use near 'b' at line 1
 [ SQL语句 ] : SHOW COLUMNS FROM xcx_base_device b
NOTIC: [8] Undefined variable: where C:\Users\15899\Desktop\zj\application\Application\Admin\Controller\UserController.class.php 第 121 行.
SQL: SELECT b.device_id,u.nickname FROM xcx_base_device b join xcx_user u on u.unionid = b.unionid   [ RunTime:0.000310s ]

[ 2018-05-11T10:04:35+08:00 ] 127.0.0.1 /index.php?s=/Admin/User/user.html
INFO: [ app_init ] --START--
INFO: Run Common\Behavior\InitHook [ RunTime:0.001177s ]
INFO: [ app_init ] --END-- [ RunTime:0.001463s ]
INFO: [ app_begin ] --START--
INFO: Run Behavior\ReadHtmlCache [ RunTime:0.000391s ]
INFO: [ app_begin ] --END-- [ RunTime:0.000431s ]
SQL: SHOW COLUMNS FROM `xcx_menu` [ RunTime:0.006638s ]
SQL: SELECT * FROM `xcx_menu` WHERE ( `pid` = 0 ) AND ( `hide` = 0 ) ORDER BY sort asc  [ RunTime:0.000354s ]
SQL: SELECT `id` FROM `xcx_menu` WHERE ( url like '%User/user%' ) LIMIT 1   [ RunTime:0.000252s ]
SQL: SHOW COLUMNS FROM `xcx_menu` [ RunTime:0.003278s ]
SQL: SELECT `id`,`pid`,`title` FROM `xcx_menu` WHERE ( id=17 ) LIMIT 1   [ RunTime:0.000309s ]
SQL: SELECT `id`,`pid`,`title` FROM `xcx_menu` WHERE ( id=16 ) LIMIT 1   [ RunTime:0.000240s ]
SQL: SELECT DISTINCT  `group` FROM `xcx_menu` WHERE ( pid = 16 )  [ RunTime:0.000523s ]
SQL: SELECT `id`,`url` FROM `xcx_menu` WHERE ( `pid` = 16 ) AND ( `hide` = 0 )  [ RunTime:0.000255s ]
SQL: SELECT `id`,`pid`,`title`,`url`,`tip` FROM `xcx_menu` WHERE ( `group` = '用户管理' ) AND ( `pid` = 16 ) AND ( `hide` = 0 ) ORDER BY sort asc  [ RunTime:0.000270s ]
SQL: SELECT `id`,`pid`,`title`,`url`,`tip` FROM `xcx_menu` WHERE ( `group` = '行为管理' ) AND ( `pid` = 16 ) AND ( `hide` = 0 ) ORDER BY sort asc  [ RunTime:0.000264s ]
SQL: SELECT `id`,`pid`,`title`,`url`,`tip` FROM `xcx_menu` WHERE ( `group` = '' ) AND ( `pid` = 16 ) AND ( `hide` = 0 ) ORDER BY sort asc  [ RunTime:0.000256s ]
SQL: SHOW COLUMNS FROM `xcx_user` [ RunTime:0.003924s ]
SQL: SELECT COUNT(*) AS tp_count FROM `xcx_user` WHERE ( `avatarurl` <> '' ) AND ( `nickname` LIKE '%%' ) LIMIT 1   [ RunTime:0.000458s ]
SQL: SELECT `uid`,`avatarurl`,`city`,`gender`,`nickname`,`openid`,`province`,`unionid`,`create_time`,`update_time`,`wxopenid` FROM `xcx_user` WHERE ( `avatarurl` <> '' ) AND ( `nickname` LIKE '%%' ) ORDER BY uid desc LIMIT 0,10   [ RunTime:0.000405s ]
INFO: [ view_parse ] --START--
INFO: [ template_filter ] --START--
INFO: Run Behavior\ContentReplace [ RunTime:0.000147s ]
INFO: [ template_filter ] --END-- [ RunTime:0.000185s ]
INFO: Run Behavior\ParseTemplate [ RunTime:0.011791s ]
INFO: [ view_parse ] --END-- [ RunTime:0.011854s ]
INFO: [ view_filter ] --START--
INFO: Run Behavior\WriteHtmlCache [ RunTime:0.000459s ]
INFO: [ view_filter ] --END-- [ RunTime:0.000497s ]
INFO: [ app_end ] --START--
INFO: Run Behavior\ShowPageTrace [ RunTime:0.001164s ]
INFO: [ app_end ] --END-- [ RunTime:0.001250s ]

[ 2018-05-11T10:04:36+08:00 ] 127.0.0.1 /index.php?s=/Admin/User/devicelists
INFO: [ app_init ] --START--
INFO: Run Common\Behavior\InitHook [ RunTime:0.001756s ]
INFO: [ app_init ] --END-- [ RunTime:0.002087s ]
INFO: [ app_begin ] --START--
INFO: Run Behavior\ReadHtmlCache [ RunTime:0.000407s ]
INFO: [ app_begin ] --END-- [ RunTime:0.000448s ]
SQL: SHOW COLUMNS FROM `xcx_menu` [ RunTime:0.005718s ]
SQL: SELECT * FROM `xcx_menu` WHERE ( `pid` = 0 ) AND ( `hide` = 0 ) ORDER BY sort asc  [ RunTime:0.000324s ]
SQL: SELECT `id` FROM `xcx_menu` WHERE ( url like '%User/devicelists%' ) LIMIT 1   [ RunTime:0.000251s ]
SQL: SHOW COLUMNS FROM xcx_base_device b [ RunTime:0.000166s ]
ERR: 1064:You have an error in your SQL syntax; check the manual that corresponds to your MySQL server version for the right syntax to use near 'b' at line 1
 [ SQL语句 ] : SHOW COLUMNS FROM xcx_base_device b
NOTIC: [8] Undefined variable: where C:\Users\15899\Desktop\zj\application\Application\Admin\Controller\UserController.class.php 第 121 行.
SQL: SELECT b.device_id,u.nickname FROM xcx_base_device b join xcx_user u on u.unionid = b.unionid   [ RunTime:0.000249s ]

[ 2018-05-11T10:05:09+08:00 ] 127.0.0.1 /index.php?s=/Admin/User/user.html
INFO: [ app_init ] --START--
INFO: Run Common\Behavior\InitHook [ RunTime:0.001346s ]
INFO: [ app_init ] --END-- [ RunTime:0.001649s ]
INFO: [ app_begin ] --START--
INFO: Run Behavior\ReadHtmlCache [ RunTime:0.000431s ]
INFO: [ app_begin ] --END-- [ RunTime:0.000472s ]
SQL: SHOW COLUMNS FROM `xcx_menu` [ RunTime:0.007315s ]
SQL: SELECT * FROM `xcx_menu` WHERE ( `pid` = 0 ) AND ( `hide` = 0 ) ORDER BY sort asc  [ RunTime:0.000517s ]
SQL: SELECT `id` FROM `xcx_menu` WHERE ( url like '%User/user%' ) LIMIT 1   [ RunTime:0.000340s ]
SQL: SHOW COLUMNS FROM `xcx_menu` [ RunTime:0.002776s ]
SQL: SELECT `id`,`pid`,`title` FROM `xcx_menu` WHERE ( id=17 ) LIMIT 1   [ RunTime:0.000265s ]
SQL: SELECT `id`,`pid`,`title` FROM `xcx_menu` WHERE ( id=16 ) LIMIT 1   [ RunTime:0.000227s ]
SQL: SELECT DISTINCT  `group` FROM `xcx_menu` WHERE ( pid = 16 )  [ RunTime:0.000349s ]
SQL: SELECT `id`,`url` FROM `xcx_menu` WHERE ( `pid` = 16 ) AND ( `hide` = 0 )  [ RunTime:0.000280s ]
SQL: SELECT `id`,`pid`,`title`,`url`,`tip` FROM `xcx_menu` WHERE ( `group` = '用户管理' ) AND ( `pid` = 16 ) AND ( `hide` = 0 ) ORDER BY sort asc  [ RunTime:0.000317s ]
SQL: SELECT `id`,`pid`,`title`,`url`,`tip` FROM `xcx_menu` WHERE ( `group` = '行为管理' ) AND ( `pid` = 16 ) AND ( `hide` = 0 ) ORDER BY sort asc  [ RunTime:0.000344s ]
SQL: SELECT `id`,`pid`,`title`,`url`,`tip` FROM `xcx_menu` WHERE ( `group` = '' ) AND ( `pid` = 16 ) AND ( `hide` = 0 ) ORDER BY sort asc  [ RunTime:0.000272s ]
SQL: SHOW COLUMNS FROM `xcx_user` [ RunTime:0.002879s ]
SQL: SELECT COUNT(*) AS tp_count FROM `xcx_user` WHERE ( `avatarurl` <> '' ) AND ( `nickname` LIKE '%%' ) LIMIT 1   [ RunTime:0.000280s ]
SQL: SELECT `uid`,`avatarurl`,`city`,`gender`,`nickname`,`openid`,`province`,`unionid`,`create_time`,`update_time`,`wxopenid` FROM `xcx_user` WHERE ( `avatarurl` <> '' ) AND ( `nickname` LIKE '%%' ) ORDER BY uid desc LIMIT 0,10   [ RunTime:0.000608s ]
INFO: [ view_parse ] --START--
INFO: [ template_filter ] --START--
INFO: Run Behavior\ContentReplace [ RunTime:0.000183s ]
INFO: [ template_filter ] --END-- [ RunTime:0.000223s ]
INFO: Run Behavior\ParseTemplate [ RunTime:0.012664s ]
INFO: [ view_parse ] --END-- [ RunTime:0.012752s ]
INFO: [ view_filter ] --START--
INFO: Run Behavior\WriteHtmlCache [ RunTime:0.000390s ]
INFO: [ view_filter ] --END-- [ RunTime:0.000421s ]
INFO: [ app_end ] --START--
INFO: Run Behavior\ShowPageTrace [ RunTime:0.000763s ]
INFO: [ app_end ] --END-- [ RunTime:0.000808s ]

[ 2018-05-11T10:05:11+08:00 ] 127.0.0.1 /index.php?s=/Admin/User/devicelists
INFO: [ app_init ] --START--
INFO: Run Common\Behavior\InitHook [ RunTime:0.002065s ]
INFO: [ app_init ] --END-- [ RunTime:0.002462s ]
INFO: [ app_begin ] --START--
INFO: Run Behavior\ReadHtmlCache [ RunTime:0.000700s ]
INFO: [ app_begin ] --END-- [ RunTime:0.000785s ]
SQL: SHOW COLUMNS FROM `xcx_menu` [ RunTime:0.005078s ]
SQL: SELECT * FROM `xcx_menu` WHERE ( `pid` = 0 ) AND ( `hide` = 0 ) ORDER BY sort asc  [ RunTime:0.000621s ]
SQL: SELECT `id` FROM `xcx_menu` WHERE ( url like '%User/devicelists%' ) LIMIT 1   [ RunTime:0.000354s ]
SQL: SHOW COLUMNS FROM xcx_base_device b [ RunTime:0.000189s ]
ERR: 1064:You have an error in your SQL syntax; check the manual that corresponds to your MySQL server version for the right syntax to use near 'b' at line 1
 [ SQL语句 ] : SHOW COLUMNS FROM xcx_base_device b
NOTIC: [8] Undefined variable: where C:\Users\15899\Desktop\zj\application\Application\Admin\Controller\UserController.class.php 第 121 行.
SQL: SELECT b.device_id,u.nickname FROM xcx_base_device b join xcx_user u on u.unionid = b.unionid   [ RunTime:0.000316s ]

[ 2018-05-11T10:05:14+08:00 ] 127.0.0.1 /index.php
INFO: [ app_init ] --START--
INFO: Run Common\Behavior\InitHook [ RunTime:0.002503s ]
INFO: [ app_init ] --END-- [ RunTime:0.002936s ]
INFO: [ app_begin ] --START--
INFO: Run Behavior\ReadHtmlCache [ RunTime:0.000734s ]
INFO: [ app_begin ] --END-- [ RunTime:0.000810s ]

[ 2018-05-11T10:06:17+08:00 ] 127.0.0.1 /index.php?s=/Admin/User/devicelists
INFO: [ app_init ] --START--
INFO: Run Common\Behavior\InitHook [ RunTime:0.002395s ]
INFO: [ app_init ] --END-- [ RunTime:0.002742s ]
INFO: [ app_begin ] --START--
INFO: Run Behavior\ReadHtmlCache [ RunTime:0.000652s ]
INFO: [ app_begin ] --END-- [ RunTime:0.000749s ]
SQL: SHOW COLUMNS FROM `xcx_menu` [ RunTime:0.004894s ]
SQL: SELECT * FROM `xcx_menu` WHERE ( `pid` = 0 ) AND ( `hide` = 0 ) ORDER BY sort asc  [ RunTime:0.000415s ]
SQL: SELECT `id` FROM `xcx_menu` WHERE ( url like '%User/devicelists%' ) LIMIT 1   [ RunTime:0.000831s ]
SQL: SHOW COLUMNS FROM xcx_base_device b [ RunTime:0.000205s ]
ERR: 1064:You have an error in your SQL syntax; check the manual that corresponds to your MySQL server version for the right syntax to use near 'b' at line 1
 [ SQL语句 ] : SHOW COLUMNS FROM xcx_base_device b
NOTIC: [8] Undefined variable: where C:\Users\15899\Desktop\zj\application\Application\Admin\Controller\UserController.class.php 第 121 行.
SQL: SELECT b.device_id,u.nickname FROM xcx_base_device b join xcx_user u on u.unionid = b.unionid   [ RunTime:0.000511s ]

[ 2018-05-11T10:08:08+08:00 ] 127.0.0.1 /index.php?s=/Admin/User/user.html
INFO: [ app_init ] --START--
INFO: Run Common\Behavior\InitHook [ RunTime:0.001234s ]
INFO: [ app_init ] --END-- [ RunTime:0.001652s ]
INFO: [ app_begin ] --START--
INFO: Run Behavior\ReadHtmlCache [ RunTime:0.000395s ]
INFO: [ app_begin ] --END-- [ RunTime:0.000436s ]
SQL: SHOW COLUMNS FROM `xcx_menu` [ RunTime:0.005336s ]
SQL: SELECT * FROM `xcx_menu` WHERE ( `pid` = 0 ) AND ( `hide` = 0 ) ORDER BY sort asc  [ RunTime:0.000427s ]
SQL: SELECT `id` FROM `xcx_menu` WHERE ( url like '%User/user%' ) LIMIT 1   [ RunTime:0.000399s ]
SQL: SHOW COLUMNS FROM `xcx_menu` [ RunTime:0.002565s ]
SQL: SELECT `id`,`pid`,`title` FROM `xcx_menu` WHERE ( id=17 ) LIMIT 1   [ RunTime:0.000262s ]
SQL: SELECT `id`,`pid`,`title` FROM `xcx_menu` WHERE ( id=16 ) LIMIT 1   [ RunTime:0.000226s ]
SQL: SELECT DISTINCT  `group` FROM `xcx_menu` WHERE ( pid = 16 )  [ RunTime:0.000382s ]
SQL: SELECT `id`,`url` FROM `xcx_menu` WHERE ( `pid` = 16 ) AND ( `hide` = 0 )  [ RunTime:0.000546s ]
SQL: SELECT `id`,`pid`,`title`,`url`,`tip` FROM `xcx_menu` WHERE ( `group` = '用户管理' ) AND ( `pid` = 16 ) AND ( `hide` = 0 ) ORDER BY sort asc  [ RunTime:0.000749s ]
SQL: SELECT `id`,`pid`,`title`,`url`,`tip` FROM `xcx_menu` WHERE ( `group` = '行为管理' ) AND ( `pid` = 16 ) AND ( `hide` = 0 ) ORDER BY sort asc  [ RunTime:0.000472s ]
SQL: SELECT `id`,`pid`,`title`,`url`,`tip` FROM `xcx_menu` WHERE ( `group` = '' ) AND ( `pid` = 16 ) AND ( `hide` = 0 ) ORDER BY sort asc  [ RunTime:0.000635s ]
SQL: SHOW COLUMNS FROM `xcx_user` [ RunTime:0.002699s ]
SQL: SELECT COUNT(*) AS tp_count FROM `xcx_user` WHERE ( `avatarurl` <> '' ) AND ( `nickname` LIKE '%%' ) LIMIT 1   [ RunTime:0.000351s ]
SQL: SELECT `uid`,`avatarurl`,`city`,`gender`,`nickname`,`openid`,`province`,`unionid`,`create_time`,`update_time`,`wxopenid` FROM `xcx_user` WHERE ( `avatarurl` <> '' ) AND ( `nickname` LIKE '%%' ) ORDER BY uid desc LIMIT 0,10   [ RunTime:0.000345s ]
INFO: [ view_parse ] --START--
INFO: [ template_filter ] --START--
INFO: Run Behavior\ContentReplace [ RunTime:0.000171s ]
INFO: [ template_filter ] --END-- [ RunTime:0.000335s ]
INFO: Run Behavior\ParseTemplate [ RunTime:0.012881s ]
INFO: [ view_parse ] --END-- [ RunTime:0.012929s ]
INFO: [ view_filter ] --START--
INFO: Run Behavior\WriteHtmlCache [ RunTime:0.000403s ]
INFO: [ view_filter ] --END-- [ RunTime:0.000479s ]
INFO: [ app_end ] --START--
INFO: Run Behavior\ShowPageTrace [ RunTime:0.000983s ]
INFO: [ app_end ] --END-- [ RunTime:0.001028s ]

[ 2018-05-11T10:08:10+08:00 ] 127.0.0.1 /index.php?s=/Admin/User/devicelists
INFO: [ app_init ] --START--
INFO: Run Common\Behavior\InitHook [ RunTime:0.001750s ]
INFO: [ app_init ] --END-- [ RunTime:0.002008s ]
INFO: [ app_begin ] --START--
INFO: Run Behavior\ReadHtmlCache [ RunTime:0.000448s ]
INFO: [ app_begin ] --END-- [ RunTime:0.000487s ]
SQL: SHOW COLUMNS FROM `xcx_menu` [ RunTime:0.004707s ]
SQL: SELECT * FROM `xcx_menu` WHERE ( `pid` = 0 ) AND ( `hide` = 0 ) ORDER BY sort asc  [ RunTime:0.000349s ]
SQL: SELECT `id` FROM `xcx_menu` WHERE ( url like '%User/devicelists%' ) LIMIT 1   [ RunTime:0.000297s ]
SQL: SHOW COLUMNS FROM xcx_base_device b [ RunTime:0.000218s ]
ERR: 1064:You have an error in your SQL syntax; check the manual that corresponds to your MySQL server version for the right syntax to use near 'b' at line 1
 [ SQL语句 ] : SHOW COLUMNS FROM xcx_base_device b
NOTIC: [8] Undefined variable: where C:\Users\15899\Desktop\zj\application\Application\Admin\Controller\UserController.class.php 第 121 行.
SQL: SELECT b.device_id,u.nickname FROM xcx_base_device b join xcx_user u on u.unionid = b.unionid   [ RunTime:0.000426s ]

[ 2018-05-11T10:11:00+08:00 ] 127.0.0.1 /index.php?s=/Admin/User/user.html
INFO: [ app_init ] --START--
INFO: Run Common\Behavior\InitHook [ RunTime:0.001771s ]
INFO: [ app_init ] --END-- [ RunTime:0.002067s ]
INFO: [ app_begin ] --START--
INFO: Run Behavior\ReadHtmlCache [ RunTime:0.000791s ]
INFO: [ app_begin ] --END-- [ RunTime:0.000884s ]
SQL: SHOW COLUMNS FROM `xcx_menu` [ RunTime:0.005758s ]
SQL: SELECT * FROM `xcx_menu` WHERE ( `pid` = 0 ) AND ( `hide` = 0 ) ORDER BY sort asc  [ RunTime:0.000324s ]
SQL: SELECT `id` FROM `xcx_menu` WHERE ( url like '%User/user%' ) LIMIT 1   [ RunTime:0.000235s ]
SQL: SHOW COLUMNS FROM `xcx_menu` [ RunTime:0.003847s ]
SQL: SELECT `id`,`pid`,`title` FROM `xcx_menu` WHERE ( id=17 ) LIMIT 1   [ RunTime:0.000386s ]
SQL: SELECT `id`,`pid`,`title` FROM `xcx_menu` WHERE ( id=16 ) LIMIT 1   [ RunTime:0.000283s ]
SQL: SELECT DISTINCT  `group` FROM `xcx_menu` WHERE ( pid = 16 )  [ RunTime:0.000592s ]
SQL: SELECT `id`,`url` FROM `xcx_menu` WHERE ( `pid` = 16 ) AND ( `hide` = 0 )  [ RunTime:0.000412s ]
SQL: SELECT `id`,`pid`,`title`,`url`,`tip` FROM `xcx_menu` WHERE ( `group` = '用户管理' ) AND ( `pid` = 16 ) AND ( `hide` = 0 ) ORDER BY sort asc  [ RunTime:0.000640s ]
SQL: SELECT `id`,`pid`,`title`,`url`,`tip` FROM `xcx_menu` WHERE ( `group` = '行为管理' ) AND ( `pid` = 16 ) AND ( `hide` = 0 ) ORDER BY sort asc  [ RunTime:0.000881s ]
SQL: SELECT `id`,`pid`,`title`,`url`,`tip` FROM `xcx_menu` WHERE ( `group` = '' ) AND ( `pid` = 16 ) AND ( `hide` = 0 ) ORDER BY sort asc  [ RunTime:0.000335s ]
SQL: SHOW COLUMNS FROM `xcx_user` [ RunTime:0.002872s ]
SQL: SELECT COUNT(*) AS tp_count FROM `xcx_user` WHERE ( `avatarurl` <> '' ) AND ( `nickname` LIKE '%%' ) LIMIT 1   [ RunTime:0.000261s ]
SQL: SELECT `uid`,`avatarurl`,`city`,`gender`,`nickname`,`openid`,`province`,`unionid`,`create_time`,`update_time`,`wxopenid` FROM `xcx_user` WHERE ( `avatarurl` <> '' ) AND ( `nickname` LIKE '%%' ) ORDER BY uid desc LIMIT 0,10   [ RunTime:0.000427s ]
INFO: [ view_parse ] --START--
INFO: [ template_filter ] --START--
INFO: Run Behavior\ContentReplace [ RunTime:0.000156s ]
INFO: [ template_filter ] --END-- [ RunTime:0.000199s ]
INFO: Run Behavior\ParseTemplate [ RunTime:0.012729s ]
INFO: [ view_parse ] --END-- [ RunTime:0.012772s ]
INFO: [ view_filter ] --START--
INFO: Run Behavior\WriteHtmlCache [ RunTime:0.000351s ]
INFO: [ view_filter ] --END-- [ RunTime:0.000383s ]
INFO: [ app_end ] --START--
INFO: Run Behavior\ShowPageTrace [ RunTime:0.000632s ]
INFO: [ app_end ] --END-- [ RunTime:0.000675s ]

[ 2018-05-11T10:11:01+08:00 ] 127.0.0.1 /index.php?s=/Admin/User/devicelists
INFO: [ app_init ] --START--
INFO: Run Common\Behavior\InitHook [ RunTime:0.001212s ]
INFO: [ app_init ] --END-- [ RunTime:0.001479s ]
INFO: [ app_begin ] --START--
INFO: Run Behavior\ReadHtmlCache [ RunTime:0.000581s ]
INFO: [ app_begin ] --END-- [ RunTime:0.000644s ]
SQL: SHOW COLUMNS FROM `xcx_menu` [ RunTime:0.005480s ]
SQL: SELECT * FROM `xcx_menu` WHERE ( `pid` = 0 ) AND ( `hide` = 0 ) ORDER BY sort asc  [ RunTime:0.000811s ]
SQL: SELECT `id` FROM `xcx_menu` WHERE ( url like '%User/devicelists%' ) LIMIT 1   [ RunTime:0.000269s ]
SQL: SHOW COLUMNS FROM xcx_base_device b [ RunTime:0.000167s ]
ERR: 1064:You have an error in your SQL syntax; check the manual that corresponds to your MySQL server version for the right syntax to use near 'b' at line 1
 [ SQL语句 ] : SHOW COLUMNS FROM xcx_base_device b
NOTIC: [8] Undefined variable: where C:\Users\15899\Desktop\zj\application\Application\Admin\Controller\UserController.class.php 第 121 行.
SQL: SELECT b.device_id,u.nickname FROM xcx_base_device b join xcx_user u on u.unionid = b.unionid   [ RunTime:0.000274s ]

